0: (-1,-1,-1,-1,-1,-1,-1)
1: (50,2,0,50,0,0,0)
2: (49,2,1,50,0,0,0)
3: (48,2,1,50,0,0,0)
4: (48,2,2,50,0,0,0)
5: (47,2,3,50,0,0,0)
6: (47,2,4,50,0,0,0)
7: (47,2,5,50,0,0,0)
8: (47,2,4,49,1,1,0)
9: (47,2,3,48,2,2,0)
10: (47,2,4,48,2,2,0)
11: (47,2,3,47,3,3,0)
12: (47,2,4,47,3,3,0)
13: (46,2,5,47,3,3,0)
14: (45,2,6,47,3,3,0)
15: (45,2,7,47,3,3,0)
16: (45,2,8,47,3,3,0)
17: (44,2,9,47,3,3,0)
18: (43,2,10,47,3,3,0)
19: (43,2,9,46,4,4,0)
20: (44,2,9,46,4,4,0)
21: (44,2,8,45,5,5,0)
22: (43,2,8,45,5,5,0)
23: (42,2,9,45,5,5,0)
24: (42,2,10,45,5,5,0)
25: (41,2,11,45,5,5,0)
26: (41,2,10,44,6,6,0)
27: (49,2,0,49,1,1,0)
28: (49,2,1,49,1,1,0)
29: (48,2,2,49,1,1,0)
30: (48,2,3,49,1,1,0)
31: (48,2,2,48,2,2,0)
32: (46,2,4,48,2,2,0)
33: (45,2,5,48,2,2,0)
34: (45,2,4,47,3,3,0)
35: (44,2,5,47,3,3,0)
36: (44,2,4,46,4,4,0)
37: (43,2,5,46,4,4,0)
38: (43,2,4,45,5,5,0)
39: (42,2,5,45,5,5,0)
40: (41,2,6,45,5,5,0)
41: (41,2,5,44,6,6,0)
42: (50,2,1,50,0,0,0)
43: (49,2,2,50,0,0,0)
44: (49,2,0,48,2,2,0)
45: (48,2,1,48,2,2,0)
46: (47,2,2,48,2,2,0)
47: (47,2,2,47,3,3,0)
48: (46,2,4,47,3,3,0)
49: (46,2,3,46,4,4,0)
50: (45,2,4,46,4,4,0)
51: (45,2,5,46,4,4,0)
52: (45,2,6,46,4,4,0)
53: (44,2,7,46,4,4,0)
54: (44,2,8,46,4,4,0)
55: (44,2,7,45,5,5,0)
56: (43,2,9,45,5,5,0)
57: (43,2,10,45,5,5,0)
58: (43,2,11,45,5,5,0)
59: (42,2,12,45,5,5,0)
60: (41,2,13,45,5,5,0)
61: (41,2,14,45,5,5,0)
62: (41,2,15,45,5,5,0)
63: (40,2,15,45,5,5,0)
64: (39,2,16,45,5,5,0)
65: (39,2,15,44,6,6,0)
66: (50,2,0,49,1,1,0)
67: (51,2,0,49,1,1,0)
68: (50,2,1,49,1,1,0)
69: (50,2,0,48,2,2,0)
70: (49,2,1,48,2,2,0)
71: (49,2,0,47,3,3,0)
72: (49,2,1,47,3,3,0)
73: (48,2,2,47,3,3,0)
74: (48,2,1,46,4,4,0)
75: (48,2,0,45,5,5,0)
76: (48,2,0,45,4,5,1)
77: (47,2,1,45,4,5,1)
78: (47,2,0,44,5,6,1)
79: (50,2,2,50,0,0,0)
80: (51,2,2,50,0,0,0)
81: (50,2,3,50,0,0,0)
82: (50,2,4,50,0,0,0)
83: (50,2,3,49,1,1,0)
84: (50,2,4,49,1,1,0)
85: (50,2,5,49,1,1,0)
86: (49,2,6,49,1,1,0)
87: (49,2,5,48,2,2,0)
88: (48,2,6,48,2,2,0)
89: (48,2,5,47,3,3,0)
90: (48,2,4,46,4,4,0)
91: (48,2,5,46,4,4,0)
92: (47,2,6,46,4,4,0)
93: (47,2,7,46,4,4,0)
94: (47,2,6,45,5,5,0)
95: (47,2,7,45,5,5,0)
96: (46,2,8,45,5,5,0)
97: (46,2,7,44,6,6,0)
98: (51,2,0,50,0,0,0)
99: (51,2,1,50,0,0,0)
100: (49,2,2,48,2,2,0)
101: (49,2,3,48,2,2,0)
102: (49,2,2,47,3,3,0)
103: (49,2,3,47,3,3,0)
104: (49,2,4,47,3,3,0)
105: (47,2,6,47,3,3,0)
106: (46,2,7,47,3,3,0)
107: (46,2,6,46,4,4,0)
108: (46,2,7,46,4,4,0)
109: (46,2,8,46,4,4,0)
110: (46,2,9,46,4,4,0)
111: (45,2,10,46,4,4,0)
112: (44,2,11,46,4,4,0)
113: (44,2,10,45,5,5,0)
114: (43,2,10,44,6,6,0)
115: (50,2,1,48,2,2,0)
116: (48,2,4,48,2,2,0)
117: (48,2,5,48,2,2,0)
118: (48,2,4,47,3,3,0)
119: (47,2,4,47,2,3,1)
120: (47,2,3,46,3,4,1)
121: (47,2,2,45,4,5,1)
122: (47,2,1,44,5,6,1)
123: (48,2,3,50,0,0,0)
124: (45,2,5,47,3,3,0)
125: (45,2,3,45,5,5,0)
126: (45,2,2,44,6,6,0)
127: (47,2,3,49,1,1,0)
128: (46,2,5,48,2,2,0)
129: (46,2,6,48,2,2,0)
130: (46,2,7,48,2,2,0)
131: (45,2,8,48,2,2,0)
132: (44,2,9,48,2,2,0)
133: (43,2,10,48,2,2,0)
134: (43,2,9,47,3,3,0)
135: (42,2,10,47,3,3,0)
136: (41,2,11,47,3,3,0)
137: (40,2,12,47,3,3,0)
138: (39,2,13,47,3,3,0)
139: (39,2,14,47,3,3,0)
140: (38,2,15,47,3,3,0)
141: (38,2,14,46,4,4,0)
142: (38,2,13,45,5,5,0)
143: (38,2,12,44,6,6,0)
144: (49,2,3,50,0,0,0)
145: (49,2,2,49,1,1,0)
146: (49,2,3,49,1,1,0)
147: (49,2,4,49,1,1,0)
148: (49,2,4,48,2,2,0)
149: (47,2,7,47,3,3,0)
150: (47,2,8,47,3,3,0)
151: (46,2,9,47,3,3,0)
152: (46,2,10,47,3,3,0)
153: (46,2,10,46,4,4,0)
154: (46,2,9,45,5,5,0)
155: (46,2,10,45,5,5,0)
156: (46,2,11,45,5,5,0)
157: (45,2,12,45,5,5,0)
158: (45,2,11,44,6,6,0)
159: (47,2,2,46,4,4,0)
160: (47,2,3,46,4,4,0)
161: (47,2,2,45,5,5,0)
162: (46,2,3,45,5,5,0)
163: (46,2,4,45,5,5,0)
164: (45,2,5,45,5,5,0)
165: (45,2,6,45,5,5,0)
166: (45,2,7,45,5,5,0)
167: (45,2,6,44,6,6,0)
168: (48,2,4,49,1,1,0)
169: (48,2,3,48,2,2,0)
170: (48,2,3,47,3,3,0)
171: (47,2,5,47,3,3,0)
172: (45,2,9,47,3,3,0)
173: (44,2,10,47,3,3,0)
174: (43,2,11,47,3,3,0)
175: (42,2,11,47,3,3,0)
176: (42,2,10,46,4,4,0)
177: (41,2,10,45,5,5,0)
178: (40,2,11,45,5,5,0)
179: (40,2,12,45,5,5,0)
180: (39,2,13,45,5,5,0)
181: (39,2,14,45,5,5,0)
182: (38,2,15,45,5,5,0)
183: (38,2,16,45,5,5,0)
184: (37,2,17,45,5,5,0)
185: (37,2,16,44,6,6,0)
186: (50,2,2,48,2,2,0)
187: (49,2,6,48,2,2,0)
188: (49,2,5,47,3,3,0)
189: (49,2,6,47,3,3,0)
190: (48,2,7,47,3,3,0)
191: (48,2,6,46,4,4,0)
192: (48,2,5,45,5,5,0)
193: (48,2,4,44,6,6,0)
194: (48,2,1,47,3,3,0)
195: (48,2,0,46,4,4,0)
196: (47,2,1,46,4,4,0)
197: (47,2,0,45,5,5,0)
198: (47,2,1,45,5,5,0)
199: (47,2,0,44,6,6,0)
200: (46,2,4,49,1,1,0)
201: (46,2,3,48,2,2,0)
202: (46,2,2,47,3,3,0)
203: (46,2,1,46,4,4,0)
204: (46,2,2,46,4,4,0)
205: (46,2,4,46,4,4,0)
206: (46,2,5,46,4,4,0)
207: (46,2,5,45,5,5,0)
208: (46,2,4,44,6,6,0)
209: (47,2,1,47,3,3,0)
210: (46,2,0,45,5,5,0)
211: (46,2,1,45,5,5,0)
212: (45,2,2,45,5,5,0)
213: (44,2,3,45,5,5,0)
214: (44,2,2,44,6,6,0)
215: (48,2,1,49,1,1,0)
216: (47,2,5,48,2,2,0)
217: (47,2,5,46,4,4,0)
218: (47,2,5,46,3,4,1)
219: (47,2,4,45,4,5,1)
220: (47,2,3,44,5,6,1)
221: (47,2,2,49,1,1,0)
222: (47,2,1,48,2,2,0)
223: (47,2,0,47,3,3,0)
224: (45,2,3,47,3,3,0)
225: (44,2,4,47,3,3,0)
226: (45,2,8,45,5,5,0)
227: (44,2,9,45,5,5,0)
228: (44,2,11,45,5,5,0)
229: (44,2,12,45,5,5,0)
230: (44,2,13,45,5,5,0)
231: (44,2,12,44,6,6,0)
232: (49,2,0,46,4,4,0)
233: (49,2,1,46,4,4,0)
234: (48,2,2,46,4,4,0)
235: (49,2,2,46,4,4,0)
236: (49,2,1,45,5,5,0)
237: (48,2,2,45,5,5,0)
238: (48,2,3,45,5,5,0)
239: (48,2,2,44,6,6,0)
240: (50,2,0,47,3,3,0)
241: (50,2,1,47,3,3,0)
242: (50,2,2,47,3,3,0)
243: (51,2,1,47,3,3,0)
244: (50,2,1,46,4,4,0)
245: (50,2,0,45,5,5,0)
246: (49,2,2,45,5,5,0)
247: (47,2,4,45,5,5,0)
248: (47,2,5,45,5,5,0)
249: (47,2,5,44,6,6,0)
250: (51,2,1,49,1,1,0)
251: (51,2,0,48,2,2,0)
252: (51,2,1,48,2,2,0)
253: (50,2,3,48,2,2,0)
254: (50,2,4,48,2,2,0)
255: (50,2,4,48,1,2,1)
256: (49,2,4,48,1,2,1)
257: (49,2,5,48,1,2,1)
258: (49,2,4,47,2,3,1)
259: (49,2,0,44,6,6,0)
260: (47,2,1,44,6,6,0)
261: (47,2,6,48,2,2,0)
262: (47,2,7,48,2,2,0)
263: (47,2,8,48,2,2,0)
264: (46,2,9,48,2,2,0)
265: (46,2,8,47,3,3,0)
266: (45,2,10,47,3,3,0)
267: (45,2,11,47,3,3,0)
268: (45,2,12,47,3,3,0)
269: (45,2,11,46,4,4,0)
270: (44,2,12,46,4,4,0)
271: (44,2,13,46,4,4,0)
272: (43,2,14,46,4,4,0)
273: (42,2,15,46,4,4,0)
274: (42,2,14,45,5,5,0)
275: (42,2,15,45,5,5,0)
276: (42,2,14,44,6,6,0)
277: (49,2,4,50,0,0,0)
278: (49,2,5,50,0,0,0)
279: (46,2,6,45,5,5,0)
280: (46,2,5,44,6,6,0)
281: (45,2,7,46,4,4,0)
282: (41,2,11,46,4,4,0)
283: (40,2,12,46,4,4,0)
284: (40,2,11,44,6,6,0)
285: (48,2,0,48,2,2,0)
286: (48,2,0,47,3,3,0)
287: (46,2,3,47,3,3,0)
288: (44,2,6,47,3,3,0)
289: (44,2,5,46,4,4,0)
290: (43,2,6,46,4,4,0)
291: (43,2,5,45,5,5,0)
292: (43,2,4,44,6,6,0)
293: (46,2,2,45,5,5,0)
294: (46,2,3,49,1,1,0)
295: (45,2,4,49,1,1,0)
296: (46,2,5,49,1,1,0)
297: (46,2,5,49,0,1,1)
298: (46,2,4,48,1,2,1)
299: (46,2,3,47,2,3,1)
300: (45,2,4,47,2,3,1)
301: (45,2,3,46,3,4,1)
302: (44,2,4,46,3,4,1)
303: (44,2,3,45,4,5,1)
304: (43,2,4,45,4,5,1)
305: (43,2,5,45,4,5,1)
306: (42,2,6,45,4,5,1)
307: (42,2,7,45,4,5,1)
308: (42,2,6,44,5,6,1)
309: (49,2,6,50,0,0,0)
310: (48,2,7,50,0,0,0)
311: (47,2,8,50,0,0,0)
312: (46,2,9,50,0,0,0)
313: (46,2,8,49,1,1,0)
314: (45,2,9,49,1,1,0)
315: (44,2,10,49,1,1,0)
316: (44,2,11,49,1,1,0)
317: (44,2,10,48,2,2,0)
318: (43,2,11,48,2,2,0)
319: (43,2,12,48,2,2,0)
320: (43,2,13,48,2,2,0)
321: (42,2,14,48,2,2,0)
322: (42,2,13,47,3,3,0)
323: (43,2,13,47,3,3,0)
324: (42,2,14,47,3,3,0)
325: (42,2,15,47,3,3,0)
326: (42,2,14,46,4,4,0)
327: (41,2,16,46,4,4,0)
328: (41,2,16,45,5,5,0)
329: (41,2,15,44,6,6,0)
330: (44,2,4,45,5,5,0)
331: (42,2,6,45,5,5,0)
332: (42,2,7,45,5,5,0)
333: (41,2,8,45,5,5,0)
334: (41,2,7,44,6,6,0)
335: (48,2,1,49,0,1,1)
336: (48,2,2,49,0,1,1)
337: (47,2,3,49,0,1,1)
338: (46,2,4,49,0,1,1)
339: (46,2,3,48,1,2,1)
340: (45,2,4,48,1,2,1)
341: (45,2,5,48,1,2,1)
342: (45,2,5,47,2,3,1)
343: (44,2,6,47,2,3,1)
344: (44,2,5,46,3,4,1)
345: (43,2,6,46,3,4,1)
346: (42,2,7,46,3,4,1)
347: (41,2,8,45,4,5,1)
348: (40,2,9,45,4,5,1)
349: (40,2,8,44,5,6,1)
350: (45,2,4,48,2,2,0)
351: (44,2,5,48,2,2,0)
352: (44,2,6,48,2,2,0)
353: (44,2,7,48,2,2,0)
354: (43,2,8,48,2,2,0)
355: (42,2,9,48,2,2,0)
356: (41,2,10,48,2,2,0)
357: (41,2,11,48,2,2,0)
358: (41,2,10,47,3,3,0)
359: (40,2,10,47,3,3,0)
360: (39,2,10,47,3,3,0)
361: (38,2,11,47,3,3,0)
362: (37,2,12,47,3,3,0)
363: (36,2,13,47,3,3,0)
364: (35,2,14,47,3,3,0)
365: (34,2,15,47,3,3,0)
366: (33,2,16,47,3,3,0)
367: (33,2,15,46,4,4,0)
368: (33,2,16,46,4,4,0)
369: (33,2,16,46,3,4,1)
370: (33,2,17,46,3,4,1)
371: (33,2,16,45,4,5,1)
372: (32,2,17,45,4,5,1)
373: (32,2,18,45,4,5,1)
374: (32,2,17,44,5,6,1)
375: (45,2,6,49,1,1,0)
376: (44,2,8,48,2,2,0)
377: (43,2,9,48,2,2,0)
378: (42,2,11,48,2,2,0)
379: (42,2,12,48,2,2,0)
380: (41,2,13,48,2,2,0)
381: (41,2,14,48,2,2,0)
382: (41,2,14,48,1,2,1)
383: (40,2,15,48,1,2,1)
384: (40,2,16,48,1,2,1)
385: (40,2,15,47,2,3,1)
386: (40,2,14,46,3,4,1)
387: (40,2,15,46,3,4,1)
388: (40,2,16,46,3,4,1)
389: (40,2,15,45,4,5,1)
390: (40,2,16,45,4,5,1)
391: (40,2,15,44,5,6,1)
392: (48,2,4,50,0,0,0)
393: (45,2,4,45,5,5,0)
394: (44,2,5,45,5,5,0)
395: (43,2,6,45,5,5,0)
396: (43,2,7,45,5,5,0)
397: (42,2,8,45,5,5,0)
398: (42,2,11,45,5,5,0)
399: (42,2,11,44,6,6,0)
400: (46,2,3,50,0,0,0)
401: (46,2,4,50,0,0,0)
402: (43,2,3,44,6,6,0)
403: (44,2,7,49,1,1,0)
404: (44,2,7,49,0,1,1)
405: (44,2,8,49,0,1,1)
406: (44,2,7,48,1,2,1)
407: (43,2,8,48,1,2,1)
408: (43,2,7,47,2,3,1)
409: (43,2,7,46,3,4,1)
410: (43,2,8,46,3,4,1)
411: (43,2,7,45,4,5,1)
412: (42,2,8,45,4,5,1)
413: (41,2,9,45,4,5,1)
414: (41,2,10,45,4,5,1)
415: (41,2,11,45,4,5,1)
416: (41,2,11,45,3,5,2)
417: (40,2,12,45,3,5,2)
418: (40,2,13,45,3,5,2)
419: (40,2,14,45,3,5,2)
420: (39,2,15,45,3,5,2)
421: (39,2,14,44,4,6,2)
422: (49,2,5,49,1,1,0)
423: (48,2,7,48,2,2,0)
424: (48,2,6,47,3,3,0)
425: (48,2,6,45,5,5,0)
426: (48,2,7,45,5,5,0)
427: (47,2,8,45,5,5,0)
428: (45,2,10,45,5,5,0)
429: (44,2,10,44,6,6,0)
430: (48,2,5,49,1,1,0)
431: (48,2,6,49,1,1,0)
432: (47,2,7,49,1,1,0)
433: (46,2,6,47,3,3,0)
434: (45,2,8,46,4,4,0)
435: (42,2,13,45,5,5,0)
436: (40,2,17,45,5,5,0)
437: (40,2,18,45,5,5,0)
438: (40,2,17,44,6,6,0)
439: (47,2,0,46,4,4,0)
440: (45,2,2,46,4,4,0)
441: (45,2,3,46,4,4,0)
442: (44,2,3,44,6,6,0)
443: (48,2,1,45,5,5,0)
444: (48,2,1,44,6,6,0)
445: (44,2,8,47,3,3,0)
446: (45,2,9,46,4,4,0)
447: (44,2,11,44,6,6,0)
448: (44,2,6,45,5,5,0)
449: (45,2,7,44,6,6,0)
450: (47,2,4,46,4,4,0)
451: (43,2,5,47,3,3,0)
452: (43,2,6,47,3,3,0)
453: (42,2,6,46,4,4,0)
454: (42,2,7,46,4,4,0)
455: (41,2,8,46,4,4,0)
456: (40,2,9,46,4,4,0)
457: (39,2,10,46,4,4,0)
458: (38,2,11,46,4,4,0)
459: (37,2,12,46,4,4,0)
460: (37,2,11,45,5,5,0)
461: (36,2,12,45,5,5,0)
462: (35,2,13,45,5,5,0)
463: (34,2,14,45,5,5,0)
464: (33,2,15,45,5,5,0)
465: (33,2,14,44,6,6,0)
466: (47,2,9,48,2,2,0)
467: (45,2,9,45,5,5,0)
468: (45,2,8,44,6,6,0)
469: (47,2,6,49,1,1,0)
470: (45,2,5,49,1,1,0)
471: (45,2,6,48,2,2,0)
472: (45,2,7,48,2,2,0)
473: (44,2,6,46,4,4,0)
474: (43,2,7,46,4,4,0)
475: (42,2,6,44,6,6,0)
476: (42,2,7,47,3,3,0)
477: (42,2,5,44,6,6,0)
478: (50,2,5,50,0,0,0)
479: (49,2,7,50,0,0,0)
480: (49,2,7,49,1,1,0)
481: (49,2,7,48,2,2,0)
482: (49,2,5,46,4,4,0)
483: (49,2,5,46,3,4,1)
484: (49,2,4,45,4,5,1)
485: (49,2,5,45,4,5,1)
486: (49,2,4,44,5,6,1)
487: (43,2,8,46,4,4,0)
488: (42,2,9,46,4,4,0)
489: (42,2,7,44,6,6,0)
490: (47,2,0,48,2,2,0)
491: (46,2,1,48,2,2,0)
492: (45,2,2,48,2,2,0)
493: (45,2,1,47,3,3,0)
494: (45,2,2,47,3,3,0)
495: (44,2,3,47,3,3,0)
496: (43,2,4,46,4,4,0)
497: (42,2,5,46,4,4,0)
498: (41,2,6,46,4,4,0)
499: (41,2,5,45,5,5,0)
500: (40,2,7,45,5,5,0)
501: (40,2,6,44,6,6,0)
502: (47,2,2,49,0,1,1)
503: (46,2,2,49,0,1,1)
504: (46,2,2,50,0,0,0)
505: (45,2,4,50,0,0,0)
506: (45,2,5,50,0,0,0)
507: (44,2,5,50,0,0,0)
508: (43,2,6,50,0,0,0)
509: (43,2,5,49,1,1,0)
510: (43,2,4,48,2,2,0)
511: (42,2,5,48,2,2,0)
512: (42,2,4,47,3,3,0)
513: (41,2,5,47,3,3,0)
514: (40,2,6,47,3,3,0)
515: (40,2,5,46,4,4,0)
516: (40,2,4,45,5,5,0)
517: (40,2,3,44,6,6,0)
518: (48,2,6,50,0,0,0)
519: (48,2,8,47,3,3,0)
520: (48,2,7,46,4,4,0)
521: (48,2,5,44,6,6,0)
522: (49,2,8,49,1,1,0)
523: (49,2,9,49,1,1,0)
524: (49,2,8,48,2,2,0)
525: (48,2,9,48,2,2,0)
526: (48,2,8,46,4,4,0)
527: (48,2,9,46,4,4,0)
528: (47,2,10,46,4,4,0)
529: (47,2,11,46,4,4,0)
530: (47,2,10,45,5,5,0)
531: (47,2,9,44,6,6,0)
532: (47,2,3,45,5,5,0)
533: (46,2,3,44,6,6,0)
534: (43,2,7,44,6,6,0)
535: (45,2,1,45,5,5,0)
536: (45,2,1,44,6,6,0)
537: (43,2,9,45,4,5,1)
538: (43,2,10,45,4,5,1)
539: (43,2,11,45,4,5,1)
540: (43,2,12,45,4,5,1)
541: (42,2,13,45,4,5,1)
542: (42,2,14,45,4,5,1)
543: (42,2,14,45,3,5,2)
544: (42,2,13,44,4,6,2)
545: (46,2,6,49,1,1,0)
546: (46,2,7,49,1,1,0)
547: (45,2,8,49,1,1,0)
548: (45,2,5,44,6,6,0)
549: (48,2,0,44,6,6,0)
550: (47,2,5,49,1,1,0)
551: (44,2,7,47,3,3,0)
552: (43,2,8,47,3,3,0)
553: (41,2,12,47,3,3,0)
554: (40,2,13,47,3,3,0)
555: (40,2,13,46,4,4,0)
556: (40,2,14,46,4,4,0)
557: (39,2,15,46,4,4,0)
558: (39,2,13,44,6,6,0)
559: (46,2,0,44,6,6,0)
560: (41,2,9,44,6,6,0)
561: (49,2,0,50,0,0,0)
562: (47,2,3,44,6,6,0)
563: (44,2,6,49,1,1,0)
564: (43,2,7,49,1,1,0)
565: (43,2,6,48,2,2,0)
566: (42,2,7,48,2,2,0)
567: (41,2,8,48,2,2,0)
568: (41,2,9,48,2,2,0)
569: (40,2,10,48,2,2,0)
570: (39,2,11,48,2,2,0)
571: (39,2,9,46,4,4,0)
572: (38,2,10,46,4,4,0)
573: (38,2,10,45,5,5,0)
574: (38,2,9,44,6,6,0)
575: (44,2,5,49,1,1,0)
576: (43,2,6,49,1,1,0)
577: (43,2,5,48,2,2,0)
578: (44,2,4,48,2,2,0)
579: (44,2,3,46,4,4,0)
580: (43,2,3,45,5,5,0)
581: (50,2,2,49,1,1,0)
582: (43,2,12,47,3,3,0)
583: (43,2,14,47,3,3,0)
584: (43,2,13,46,4,4,0)
585: (40,2,16,45,5,5,0)
586: (39,2,17,45,5,5,0)
587: (39,2,18,45,5,5,0)
588: (39,2,19,45,5,5,0)
589: (39,2,20,45,5,5,0)
590: (39,2,21,45,5,5,0)
591: (38,2,22,45,5,5,0)
592: (37,2,23,45,5,5,0)
593: (36,2,24,45,5,5,0)
594: (36,2,25,45,5,5,0)
595: (35,2,26,45,5,5,0)
596: (35,2,27,45,5,5,0)
597: (34,2,28,45,5,5,0)
598: (34,2,27,44,6,6,0)
599: (44,2,12,47,3,3,0)
600: (44,2,13,47,3,3,0)
601: (43,2,13,45,5,5,0)
602: (43,2,12,44,6,6,0)
603: (46,2,5,50,0,0,0)
604: (46,2,6,50,0,0,0)
605: (45,2,7,50,0,0,0)
606: (44,2,8,50,0,0,0)
607: (43,2,9,50,0,0,0)
608: (43,2,8,49,1,1,0)
609: (43,2,7,48,2,2,0)
610: (42,2,8,48,2,2,0)
611: (40,2,12,48,2,2,0)
612: (40,2,13,48,2,2,0)
613: (39,2,13,46,4,4,0)
614: (39,2,14,46,4,4,0)
615: (38,2,15,46,4,4,0)
616: (38,2,14,45,5,5,0)
617: (37,2,15,45,5,5,0)
618: (37,2,14,44,6,6,0)
619: (48,2,4,48,1,2,1)
620: (47,2,5,48,1,2,1)
621: (46,2,6,48,1,2,1)
622: (46,2,5,47,2,3,1)
623: (46,2,6,47,2,3,1)
624: (46,2,5,46,3,4,1)
625: (45,2,6,46,3,4,1)
626: (44,2,7,46,3,4,1)
627: (44,2,6,45,4,5,1)
628: (44,2,5,44,5,6,1)
629: (46,2,7,50,0,0,0)
630: (42,2,10,48,2,2,0)
631: (42,2,12,47,3,3,0)
632: (44,2,14,47,3,3,0)
633: (44,2,14,46,4,4,0)
634: (43,2,14,45,5,5,0)
635: (43,2,15,45,5,5,0)
636: (42,2,16,45,5,5,0)
637: (41,2,17,45,5,5,0)
638: (40,2,19,45,5,5,0)
639: (40,2,18,44,6,6,0)
640: (42,2,8,46,4,4,0)
641: (44,2,10,46,4,4,0)
642: (43,2,12,46,4,4,0)
643: (42,2,13,46,4,4,0)
644: (41,2,15,46,4,4,0)
645: (41,2,14,44,6,6,0)
646: (49,2,3,46,4,4,0)
647: (44,2,9,44,6,6,0)
648: (46,2,1,44,6,6,0)
649: (48,2,3,46,4,4,0)
650: (38,2,17,45,5,5,0)
651: (37,2,18,45,5,5,0)
652: (37,2,19,45,5,5,0)
653: (37,2,18,44,6,6,0)
654: (47,2,8,49,1,1,0)
655: (46,2,9,49,1,1,0)
656: (46,2,8,48,2,2,0)
657: (44,2,7,44,6,6,0)
658: (43,2,5,44,6,6,0)
659: (45,2,3,44,6,6,0)
660: (49,2,0,45,5,5,0)
661: (44,2,5,44,6,6,0)
662: (46,2,9,48,1,2,1)
663: (45,2,10,49,1,1,0)
664: (44,2,12,49,1,1,0)
665: (44,2,11,48,2,2,0)
666: (42,2,13,48,2,2,0)
667: (42,2,15,48,2,2,0)
668: (41,2,15,47,3,3,0)
669: (40,2,16,47,3,3,0)
670: (40,2,17,47,3,3,0)
671: (39,2,18,47,3,3,0)
672: (38,2,19,47,3,3,0)
673: (37,2,20,47,3,3,0)
674: (36,2,21,47,3,3,0)
675: (36,2,20,46,4,4,0)
676: (36,2,21,46,4,4,0)
677: (36,2,20,45,5,5,0)
678: (36,2,19,44,6,6,0)
679: (47,2,6,50,0,0,0)
680: (45,2,9,48,2,2,0)
681: (44,2,11,47,3,3,0)
682: (43,2,11,46,4,4,0)
683: (40,2,14,45,5,5,0)
684: (39,2,15,45,5,5,0)
685: (39,2,14,44,6,6,0)
686: (45,2,3,48,2,2,0)
687: (42,2,9,47,3,3,0)
688: (41,2,13,47,3,3,0)
689: (41,2,12,46,4,4,0)
690: (49,2,1,48,1,2,1)
691: (49,2,2,48,1,2,1)
692: (49,2,1,47,2,3,1)
693: (48,2,2,47,2,3,1)
694: (48,2,1,46,3,4,1)
695: (48,2,2,46,3,4,1)
696: (46,2,3,45,4,5,1)
697: (46,2,4,45,4,5,1)
698: (46,2,3,44,5,6,1)
699: (43,2,10,46,4,4,0)
700: (42,2,11,46,4,4,0)
701: (42,2,12,46,4,4,0)
702: (40,2,17,46,4,4,0)
703: (39,2,18,46,4,4,0)
704: (38,2,18,45,5,5,0)
705: (38,2,17,44,6,6,0)
706: (47,2,2,44,6,6,0)
707: (48,2,3,49,0,1,1)
708: (47,2,4,49,0,1,1)
709: (46,2,6,49,0,1,1)
710: (46,2,5,48,1,2,1)
711: (41,2,12,48,2,2,0)
712: (39,2,13,48,2,2,0)
713: (39,2,12,47,3,3,0)
714: (38,2,13,44,6,6,0)
715: (43,2,7,47,3,3,0)
716: (41,2,10,46,4,4,0)
717: (41,2,9,45,5,5,0)
718: (41,2,8,44,6,6,0)
719: (49,2,4,46,4,4,0)
720: (46,2,7,45,5,5,0)
721: (46,2,6,44,6,6,0)
722: (48,2,5,50,0,0,0)
723: (47,2,7,50,0,0,0)
724: (45,2,11,49,1,1,0)
725: (45,2,10,48,2,2,0)
726: (45,2,11,48,2,2,0)
727: (45,2,12,48,2,2,0)
728: (45,2,13,48,2,2,0)
729: (44,2,14,48,2,2,0)
730: (44,2,15,47,3,3,0)
731: (44,2,16,47,3,3,0)
732: (44,2,15,46,4,4,0)
733: (44,2,16,46,4,4,0)
734: (44,2,15,45,5,5,0)
735: (44,2,14,44,6,6,0)
736: (41,2,13,46,4,4,0)
737: (41,2,12,45,5,5,0)
738: (47,2,8,46,4,4,0)
739: (43,2,12,45,5,5,0)
740: (47,2,9,50,0,0,0)
741: (46,2,10,50,0,0,0)
742: (46,2,11,50,0,0,0)
743: (45,2,12,50,0,0,0)
744: (45,2,12,49,1,1,0)
745: (44,2,13,48,2,2,0)
746: (42,2,9,44,6,6,0)
747: (46,2,10,49,1,1,0)
748: (46,2,2,48,2,2,0)
749: (41,2,9,47,3,3,0)
750: (38,2,12,46,4,4,0)
751: (37,2,13,46,4,4,0)
752: (36,2,14,46,4,4,0)
753: (36,2,15,46,4,4,0)
754: (36,2,16,46,4,4,0)
755: (36,2,17,46,4,4,0)
756: (36,2,16,45,5,5,0)
757: (35,2,17,45,5,5,0)
758: (35,2,18,45,5,5,0)
759: (35,2,19,45,5,5,0)
760: (35,2,20,45,5,5,0)
761: (34,2,21,45,5,5,0)
762: (34,2,22,45,5,5,0)
763: (33,2,23,45,5,5,0)
764: (32,2,24,45,5,5,0)
765: (31,2,25,45,5,5,0)
766: (31,2,26,45,5,5,0)
767: (30,2,27,45,5,5,0)
768: (30,2,28,45,5,5,0)
769: (30,2,27,44,6,6,0)
770: (44,2,2,45,5,5,0)
771: (44,2,1,44,6,6,0)
772: (45,2,6,50,0,0,0)
773: (40,2,13,45,5,5,0)
774: (40,2,12,44,6,6,0)
775: (44,2,7,50,0,0,0)
776: (41,2,14,46,4,4,0)
777: (40,2,15,46,4,4,0)
778: (40,2,13,44,6,6,0)
779: (41,2,12,44,6,6,0)
780: (41,2,7,46,4,4,0)
781: (44,2,4,44,6,6,0)
782: (46,2,2,44,6,6,0)
783: (48,2,7,49,1,1,0)
784: (48,2,8,49,1,1,0)
785: (48,2,9,49,1,1,0)
786: (48,2,8,48,2,2,0)
787: (47,2,9,47,3,3,0)
788: (47,2,10,47,3,3,0)
789: (47,2,11,47,3,3,0)
790: (47,2,12,47,3,3,0)
791: (46,2,13,47,3,3,0)
792: (46,2,14,47,3,3,0)
793: (46,2,13,46,4,4,0)
794: (46,2,12,45,5,5,0)
795: (45,2,13,45,5,5,0)
796: (44,2,14,45,5,5,0)
797: (38,2,20,45,5,5,0)
798: (38,2,19,44,6,6,0)
799: (46,2,10,48,2,2,0)
800: (46,2,11,48,2,2,0)
801: (46,2,12,48,2,2,0)
802: (46,2,11,47,3,3,0)
803: (46,2,12,47,3,3,0)
804: (46,2,11,46,4,4,0)
805: (45,2,12,46,4,4,0)
806: (45,2,11,45,5,5,0)
807: (45,2,10,44,6,6,0)
808: (50,2,0,49,0,1,1)
809: (50,2,1,49,0,1,1)
810: (49,2,2,49,0,1,1)
811: (49,2,3,49,0,1,1)
812: (48,2,4,49,0,1,1)
813: (48,2,5,49,0,1,1)
814: (48,2,6,49,0,1,1)
815: (48,2,5,48,1,2,1)
816: (48,2,6,48,1,2,1)
817: (48,2,7,48,1,2,1)
818: (43,2,11,44,6,6,0)
819: (44,2,8,49,1,1,0)
820: (43,2,6,44,6,6,0)
821: (46,2,8,50,0,0,0)
822: (45,2,9,50,0,0,0)
823: (43,2,15,47,3,3,0)
824: (44,2,6,50,0,0,0)
825: (42,2,10,50,0,0,0)
826: (41,2,11,50,0,0,0)
827: (41,2,10,49,1,1,0)
828: (41,2,8,47,3,3,0)
829: (40,2,9,47,3,3,0)
830: (40,2,8,46,4,4,0)
831: (40,2,8,45,5,5,0)
832: (39,2,9,45,5,5,0)
833: (38,2,11,45,5,5,0)
834: (37,2,12,45,5,5,0)
835: (36,2,13,45,5,5,0)
836: (36,2,14,45,5,5,0)
837: (36,2,15,45,5,5,0)
838: (36,2,14,44,6,6,0)
839: (44,2,12,48,2,2,0)
840: (39,2,19,44,6,6,0)
841: (43,2,13,44,6,6,0)
842: (42,2,8,44,6,6,0)
843: (43,2,12,49,1,1,0)
844: (43,2,13,49,1,1,0)
845: (41,2,9,46,4,4,0)
846: (40,2,10,46,4,4,0)
847: (40,2,11,46,4,4,0)
848: (40,2,10,45,5,5,0)
849: (41,2,11,44,6,6,0)
850: (42,2,10,44,6,6,0)
851: (38,2,16,46,4,4,0)
852: (38,2,17,46,4,4,0)
853: (38,2,16,44,6,6,0)
854: (50,2,3,47,3,3,0)
855: (50,2,2,46,4,4,0)
856: (50,2,3,46,4,4,0)
857: (50,2,4,46,4,4,0)
858: (50,2,5,46,4,4,0)
859: (50,2,6,46,4,4,0)
860: (50,2,7,46,4,4,0)
861: (49,2,8,46,4,4,0)
862: (49,2,7,45,5,5,0)
863: (48,2,8,45,5,5,0)
864: (48,2,7,44,6,6,0)
865: (41,2,16,47,3,3,0)
866: (40,2,16,46,4,4,0)
867: (46,2,12,50,0,0,0)
868: (46,2,13,50,0,0,0)
869: (45,2,14,50,0,0,0)
870: (45,2,13,49,1,1,0)
871: (45,2,14,49,1,1,0)
872: (45,2,15,49,1,1,0)
873: (44,2,16,49,1,1,0)
874: (44,2,17,49,1,1,0)
875: (43,2,18,49,1,1,0)
876: (43,2,19,49,1,1,0)
877: (43,2,20,49,1,1,0)
878: (43,2,19,48,2,2,0)
879: (42,2,20,48,2,2,0)
880: (42,2,21,48,2,2,0)
881: (42,2,20,47,3,3,0)
882: (42,2,20,47,2,3,1)
883: (42,2,19,46,3,4,1)
884: (42,2,20,46,3,4,1)
885: (42,2,19,45,4,5,1)
886: (42,2,18,44,5,6,1)
887: (44,2,8,44,6,6,0)
888: (39,2,11,45,5,5,0)
889: (39,2,12,45,5,5,0)
890: (38,2,14,44,6,6,0)
891: (45,2,7,49,1,1,0)
892: (44,2,9,49,1,1,0)
893: (43,2,10,49,1,1,0)
894: (42,2,11,49,1,1,0)
895: (42,2,12,49,1,1,0)
896: (42,2,13,49,1,1,0)
897: (42,2,14,49,1,1,0)
898: (41,2,15,49,1,1,0)
899: (40,2,16,49,1,1,0)
900: (40,2,17,49,1,1,0)
901: (39,2,18,49,1,1,0)
902: (39,2,19,49,1,1,0)
903: (39,2,18,48,2,2,0)
904: (38,2,19,48,2,2,0)
905: (38,2,20,48,2,2,0)
906: (38,2,20,47,3,3,0)
907: (37,2,21,47,3,3,0)
908: (36,2,22,47,3,3,0)
909: (36,2,23,47,3,3,0)
910: (36,2,22,46,4,4,0)
911: (35,2,23,46,4,4,0)
912: (35,2,24,46,4,4,0)
913: (35,2,23,45,5,5,0)
914: (34,2,24,45,5,5,0)
915: (33,2,25,45,5,5,0)
916: (33,2,26,45,5,5,0)
917: (32,2,27,45,5,5,0)
918: (32,2,28,45,5,5,0)
919: (32,2,27,44,6,6,0)
920: (45,2,8,50,0,0,0)
921: (41,2,13,49,1,1,0)
922: (39,2,16,46,4,4,0)
923: (45,2,13,47,3,3,0)
924: (42,2,8,47,3,3,0)
925: (40,2,11,47,3,3,0)
926: (39,2,12,46,4,4,0)
927: (39,2,10,44,6,6,0)
928: (44,2,6,44,6,6,0)
929: (43,2,14,48,2,2,0)
930: (43,2,15,48,2,2,0)
931: (43,2,16,48,2,2,0)
932: (42,2,17,48,2,2,0)
933: (42,2,18,48,2,2,0)
934: (42,2,19,48,2,2,0)
935: (42,2,18,47,3,3,0)
936: (42,2,19,47,3,3,0)
937: (42,2,19,46,4,4,0)
938: (41,2,20,46,4,4,0)
939: (41,2,19,45,5,5,0)
940: (41,2,20,45,5,5,0)
941: (40,2,21,45,5,5,0)
942: (40,2,22,45,5,5,0)
943: (39,2,23,45,5,5,0)
944: (39,2,22,44,6,6,0)
945: (37,2,16,45,5,5,0)
946: (50,2,0,46,4,4,0)
947: (48,2,2,48,1,2,1)
948: (48,2,1,47,2,3,1)
949: (47,2,2,47,2,3,1)
950: (44,2,5,47,2,3,1)
951: (44,2,2,44,5,6,1)
952: (40,2,9,44,6,6,0)
953: (44,2,9,50,0,0,0)
954: (43,2,10,50,0,0,0)
955: (43,2,9,49,1,1,0)
956: (43,2,11,49,1,1,0)
957: (43,2,14,49,1,1,0)
958: (42,2,15,49,1,1,0)
959: (42,2,16,49,1,1,0)
960: (42,2,17,49,1,1,0)
961: (42,2,16,48,2,2,0)
962: (41,2,18,48,2,2,0)
963: (41,2,17,47,3,3,0)
964: (40,2,18,47,3,3,0)
965: (40,2,19,47,3,3,0)
966: (40,2,20,47,3,3,0)
967: (40,2,19,46,4,4,0)
968: (39,2,20,46,4,4,0)
969: (39,2,18,44,6,6,0)
970: (50,2,1,45,5,5,0)
971: (50,2,2,45,5,5,0)
972: (50,2,1,44,6,6,0)
973: (46,2,1,47,3,3,0)
974: (39,2,11,47,3,3,0)
975: (38,2,13,47,3,3,0)
976: (38,2,14,47,3,3,0)
977: (38,2,13,46,4,4,0)
978: (37,2,14,46,4,4,0)
979: (36,2,15,44,6,6,0)
980: (44,2,10,50,0,0,0)
981: (43,2,11,50,0,0,0)
982: (40,2,14,44,6,6,0)
983: (42,2,17,45,5,5,0)
984: (41,2,18,45,5,5,0)
985: (49,2,1,44,6,6,0)
986: (38,2,12,47,3,3,0)
987: (36,2,19,45,5,5,0)
988: (35,2,21,45,5,5,0)
989: (35,2,22,45,5,5,0)
990: (35,2,21,44,6,6,0)
991: (45,2,1,46,4,4,0)
992: (44,2,2,46,4,4,0)
993: (41,2,13,44,6,6,0)
994: (42,2,9,49,1,1,0)
995: (42,2,10,49,1,1,0)
996: (41,2,11,49,1,1,0)
997: (40,2,12,49,1,1,0)
998: (40,2,11,48,2,2,0)
999: (39,2,14,48,2,2,0)
1000: (39,2,15,48,2,2,0)
1001: (39,2,16,48,2,2,0)
1002: (38,2,17,48,2,2,0)
1003: (38,2,18,48,2,2,0)
1004: (38,2,21,48,2,2,0)
1005: (36,2,21,45,5,5,0)
1006: (36,2,22,45,5,5,0)
1007: (33,2,25,44,6,6,0)
1008: (48,2,4,45,5,5,0)
1009: (41,2,7,45,5,5,0)
1010: (40,2,9,45,5,5,0)
1011: (47,2,4,44,6,6,0)
1012: (47,2,9,46,4,4,0)
1013: (47,2,9,45,5,5,0)
1014: (39,2,19,46,4,4,0)
1015: (42,2,16,47,3,3,0)
1016: (39,2,19,47,3,3,0)
1017: (38,2,19,46,4,4,0)
1018: (38,2,20,46,4,4,0)
1019: (37,2,21,46,4,4,0)
1020: (37,2,22,46,4,4,0)
1021: (37,2,23,46,4,4,0)
1022: (37,2,22,45,5,5,0)
1023: (37,2,22,44,6,6,0)
1024: (41,2,7,47,3,3,0)
1025: (40,2,8,47,3,3,0)
1026: (36,2,12,44,6,6,0)
1027: (41,2,14,47,3,3,0)
1028: (37,2,15,44,6,6,0)
1029: (43,2,8,44,6,6,0)
1030: (39,2,17,44,6,6,0)
1031: (45,2,4,44,6,6,0)
1032: (41,2,14,49,1,1,0)
1033: (39,2,12,44,6,6,0)
1034: (40,2,14,47,3,3,0)
1035: (47,2,9,49,1,1,0)
1036: (40,2,15,47,3,3,0)
1037: (43,2,9,44,6,6,0)
1038: (38,2,15,44,6,6,0)
1039: (36,2,17,45,5,5,0)
1040: (36,2,18,45,5,5,0)
1041: (35,2,18,44,6,6,0)
1042: (40,2,15,44,6,6,0)
1043: (46,2,11,49,1,1,0)
1044: (46,2,12,49,1,1,0)
1045: (44,2,13,44,6,6,0)
1046: (43,2,3,46,4,4,0)
1047: (40,2,7,44,6,6,0)
1048: (41,2,18,47,3,3,0)
1049: (39,2,20,47,3,3,0)
1050: (39,2,21,47,3,3,0)
1051: (39,2,22,47,3,3,0)
1052: (38,2,23,47,3,3,0)
1053: (38,2,22,46,4,4,0)
1054: (37,2,24,46,4,4,0)
1055: (42,2,12,44,6,6,0)
1056: (39,2,16,44,6,6,0)
1057: (43,2,15,46,4,4,0)
1058: (46,2,0,46,4,4,0)
1059: (45,2,0,45,5,5,0)
1060: (45,2,0,44,6,6,0)
1061: (42,2,6,47,3,3,0)
1062: (39,2,10,45,5,5,0)
1063: (38,2,12,45,5,5,0)
1064: (38,2,11,44,6,6,0)
1065: (48,2,10,48,2,2,0)
1066: (48,2,9,47,3,3,0)
1067: (48,2,10,47,3,3,0)
1068: (42,2,18,45,5,5,0)
1069: (40,2,20,45,5,5,0)
1070: (39,2,20,44,6,6,0)
1071: (42,2,12,50,0,0,0)
1072: (37,2,14,45,5,5,0)
1073: (35,2,16,44,6,6,0)
1074: (44,2,13,50,0,0,0)
1075: (44,2,13,49,1,1,0)
1076: (44,2,14,49,1,1,0)
1077: (45,2,10,50,0,0,0)
1078: (45,2,11,50,0,0,0)
1079: (45,2,13,50,0,0,0)
1080: (45,2,14,48,2,2,0)
1081: (45,2,14,47,3,3,0)
1082: (43,2,14,44,6,6,0)
1083: (44,2,11,50,0,0,0)
1084: (43,2,12,50,0,0,0)
1085: (41,2,16,49,1,1,0)
1086: (40,2,16,48,2,2,0)
1087: (39,2,17,46,4,4,0)
1088: (39,2,11,44,6,6,0)
1089: (42,2,13,44,6,6,0)
1090: (34,2,23,45,5,5,0)
1091: (34,2,22,44,6,6,0)
1092: (47,2,10,48,2,2,0)
1093: (46,2,8,44,6,6,0)
1094: (47,2,6,44,6,6,0)
1095: (43,2,16,46,4,4,0)
1096: (42,2,15,44,6,6,0)
1097: (39,2,11,46,4,4,0)
1098: (37,2,13,45,5,5,0)
1099: (36,2,13,44,6,6,0)
1100: (44,2,12,50,0,0,0)
1101: (43,2,14,50,0,0,0)
1102: (39,2,15,47,3,3,0)
1103: (38,2,16,47,3,3,0)
1104: (37,2,17,46,4,4,0)
1105: (36,2,18,46,4,4,0)
1106: (36,2,19,46,4,4,0)
1107: (35,2,20,46,4,4,0)
1108: (34,2,21,46,4,4,0)
1109: (34,2,22,46,4,4,0)
1110: (34,2,23,46,4,4,0)
1111: (34,2,21,44,6,6,0)
1112: (48,2,8,50,0,0,0)
1113: (48,2,9,50,0,0,0)
1114: (41,2,6,44,6,6,0)
1115: (49,2,7,47,3,3,0)
1116: (49,2,6,46,4,4,0)
1117: (49,2,5,45,5,5,0)
1118: (47,2,7,44,6,6,0)
1119: (44,2,17,47,3,3,0)
1120: (44,2,17,46,4,4,0)
1121: (44,2,18,46,4,4,0)
1122: (43,2,19,46,4,4,0)
1123: (43,2,20,46,4,4,0)
1124: (43,2,21,46,4,4,0)
1125: (42,2,22,46,4,4,0)
1126: (41,2,23,46,4,4,0)
1127: (41,2,22,45,5,5,0)
1128: (41,2,23,45,5,5,0)
1129: (40,2,24,45,5,5,0)
1130: (40,2,23,44,6,6,0)
1131: (42,2,13,50,0,0,0)
1132: (42,2,14,50,0,0,0)
1133: (42,2,15,50,0,0,0)
1134: (39,2,16,47,3,3,0)
1135: (38,2,17,47,3,3,0)
1136: (37,2,17,44,6,6,0)
1137: (50,2,6,50,0,0,0)
1138: (50,2,5,48,2,2,0)
1139: (50,2,4,47,3,3,0)
1140: (49,2,3,45,5,5,0)
1141: (49,2,4,45,5,5,0)
1142: (49,2,4,44,6,6,0)
1143: (47,2,10,49,1,1,0)
1144: (47,2,11,48,2,2,0)
1145: (41,2,17,46,4,4,0)
1146: (38,2,21,45,5,5,0)
1147: (37,2,24,45,5,5,0)
1148: (37,2,25,45,5,5,0)
1149: (37,2,24,44,6,6,0)
1150: (38,2,22,47,3,3,0)
1151: (38,2,24,47,3,3,0)
1152: (37,2,25,47,3,3,0)
1153: (37,2,26,47,3,3,0)
1154: (37,2,25,46,4,4,0)
1155: (36,2,26,46,4,4,0)
1156: (36,2,24,44,6,6,0)
1157: (48,2,10,50,0,0,0)
1158: (48,2,11,50,0,0,0)
1159: (48,2,12,50,0,0,0)
1160: (48,2,11,49,1,1,0)
1161: (48,2,6,44,6,6,0)
1162: (39,2,17,47,3,3,0)
1163: (48,2,3,44,6,6,0)
1164: (35,2,17,44,6,6,0)
1165: (45,2,9,44,6,6,0)
1166: (43,2,15,49,1,1,0)
1167: (42,2,21,47,3,3,0)
1168: (42,2,22,47,3,3,0)
1169: (42,2,21,46,4,4,0)
1170: (41,2,22,46,4,4,0)
1171: (41,2,21,45,5,5,0)
1172: (39,2,25,45,5,5,0)
1173: (39,2,24,44,6,6,0)
1174: (43,2,16,47,3,3,0)
1175: (42,2,17,47,3,3,0)
1176: (40,2,18,46,4,4,0)
1177: (36,2,23,46,4,4,0)
1178: (35,2,24,45,5,5,0)
1179: (35,2,23,44,6,6,0)
1180: (36,2,18,44,6,6,0)
1181: (37,2,18,46,4,4,0)
1182: (37,2,19,46,4,4,0)
1183: (36,2,20,44,6,6,0)
1184: (38,2,21,46,4,4,0)
1185: (36,2,24,46,4,4,0)
1186: (36,2,25,46,4,4,0)
1187: (35,2,25,45,5,5,0)
1188: (35,2,24,44,6,6,0)
1189: (43,2,16,45,5,5,0)
1190: (43,2,15,44,6,6,0)
1191: (37,2,14,47,3,3,0)
1192: (37,2,15,47,3,3,0)
1193: (37,2,15,46,4,4,0)
1194: (37,2,16,46,4,4,0)
1195: (43,2,17,46,4,4,0)
1196: (42,2,18,46,4,4,0)
1197: (41,2,19,46,4,4,0)
1198: (40,2,20,46,4,4,0)
1199: (39,2,21,46,4,4,0)
1200: (41,2,16,48,2,2,0)
1201: (37,2,21,44,6,6,0)
1202: (42,2,16,46,4,4,0)
1203: (42,2,17,46,4,4,0)
1204: (39,2,22,45,5,5,0)
1205: (38,2,24,45,5,5,0)
1206: (36,2,26,45,5,5,0)
1207: (36,2,25,44,6,6,0)
1208: (50,2,5,47,3,3,0)
1209: (46,2,9,44,6,6,0)
1210: (49,2,8,47,3,3,0)
1211: (47,2,13,47,3,3,0)
1212: (47,2,12,46,4,4,0)
1213: (47,2,11,45,5,5,0)
1214: (46,2,13,45,5,5,0)
1215: (46,2,14,45,5,5,0)
1216: (46,2,13,44,6,6,0)
1217: (45,2,12,44,6,6,0)
1218: (43,2,13,50,0,0,0)
1219: (41,2,16,50,0,0,0)
1220: (41,2,17,50,0,0,0)
1221: (41,2,18,50,0,0,0)
1222: (41,2,17,49,1,1,0)
1223: (41,2,18,49,1,1,0)
1224: (41,2,17,48,2,2,0)
1225: (40,2,18,48,2,2,0)
1226: (37,2,20,46,4,4,0)
1227: (49,2,8,50,0,0,0)
1228: (49,2,9,50,0,0,0)
1229: (48,2,10,49,1,1,0)
1230: (47,2,11,49,1,1,0)
1231: (46,2,12,46,4,4,0)
1232: (45,2,14,46,4,4,0)
1233: (44,2,1,45,5,5,0)
1234: (43,2,2,45,5,5,0)
1235: (40,2,10,44,6,6,0)
1236: (48,2,9,45,5,5,0)
1237: (48,2,10,45,5,5,0)
1238: (48,2,11,45,5,5,0)
1239: (48,2,10,44,6,6,0)
1240: (35,2,23,47,3,3,0)
1241: (35,2,24,47,3,3,0)
1242: (34,2,25,47,3,3,0)
1243: (34,2,24,46,4,4,0)
1244: (34,2,25,46,4,4,0)
1245: (34,2,26,46,4,4,0)
1246: (33,2,27,46,4,4,0)
1247: (33,2,27,45,5,5,0)
1248: (33,2,26,44,6,6,0)
1249: (49,2,3,44,6,6,0)
1250: (45,2,13,46,4,4,0)
1251: (45,2,15,46,4,4,0)
1252: (43,2,18,46,4,4,0)
1253: (40,2,21,46,4,4,0)
1254: (40,2,22,46,4,4,0)
1255: (40,2,20,44,6,6,0)
1256: (46,2,13,48,2,2,0)
1257: (45,2,15,48,2,2,0)
1258: (45,2,15,47,3,3,0)
1259: (43,2,17,47,3,3,0)
1260: (41,2,21,47,3,3,0)
1261: (40,2,23,46,4,4,0)
1262: (39,2,24,46,4,4,0)
1263: (43,2,2,44,6,6,0)
1264: (40,2,21,44,6,6,0)
1265: (37,2,20,45,5,5,0)
1266: (42,2,8,49,1,1,0)
1267: (35,2,19,46,4,4,0)
1268: (34,2,20,44,6,6,0)
1269: (35,2,18,46,4,4,0)
1270: (34,2,19,46,4,4,0)
1271: (34,2,18,45,5,5,0)
1272: (34,2,19,45,5,5,0)
1273: (34,2,18,44,6,6,0)
1274: (35,2,16,45,5,5,0)
1275: (33,2,20,45,5,5,0)
1276: (33,2,19,44,6,6,0)
1277: (40,2,14,48,2,2,0)
1278: (36,2,16,44,6,6,0)
1279: (41,2,15,48,2,2,0)
1280: (44,2,15,49,1,1,0)
1281: (44,2,15,48,2,2,0)
1282: (40,2,19,44,6,6,0)
1283: (39,2,8,45,5,5,0)
1284: (37,2,11,44,6,6,0)
1285: (42,2,4,44,6,6,0)
1286: (37,2,21,45,5,5,0)
1287: (43,2,17,45,5,5,0)
1288: (43,2,16,44,6,6,0)
1289: (38,2,18,46,4,4,0)
1290: (45,2,14,45,5,5,0)
1291: (45,2,15,45,5,5,0)
1292: (45,2,14,44,6,6,0)
1293: (37,2,12,44,6,6,0)
1294: (42,2,7,49,1,1,0)
1295: (41,2,8,49,1,1,0)
1296: (41,2,9,49,1,1,0)
1297: (40,2,9,48,2,2,0)
1298: (39,2,9,44,6,6,0)
1299: (44,2,16,48,2,2,0)
1300: (43,2,17,48,2,2,0)
1301: (42,2,20,46,4,4,0)
1302: (42,2,21,45,5,5,0)
1303: (42,2,20,44,6,6,0)
1304: (46,2,14,48,2,2,0)
1305: (46,2,14,46,4,4,0)
1306: (38,2,19,45,5,5,0)
1307: (38,2,18,44,6,6,0)
1308: (43,2,18,47,3,3,0)
1309: (43,2,18,45,5,5,0)
1310: (43,2,17,44,6,6,0)
1311: (35,2,21,46,4,4,0)
1312: (35,2,22,46,4,4,0)
1313: (33,2,25,46,4,4,0)
1314: (33,2,24,45,5,5,0)
1315: (31,2,29,45,5,5,0)
1316: (31,2,28,44,6,6,0)
1317: (33,2,26,46,4,4,0)
1318: (32,2,26,45,5,5,0)
1319: (32,2,25,44,6,6,0)
1320: (42,2,4,45,5,5,0)
1321: (42,2,3,44,6,6,0)
1322: (42,2,16,44,6,6,0)
1323: (41,2,14,50,0,0,0)
1324: (41,2,15,50,0,0,0)
1325: (40,2,16,50,0,0,0)
1326: (40,2,15,49,1,1,0)
1327: (40,2,15,48,2,2,0)
1328: (39,2,8,44,6,6,0)
1329: (40,2,16,44,6,6,0)
1330: (46,2,12,44,6,6,0)
1331: (43,2,8,50,0,0,0)
1332: (42,2,9,50,0,0,0)
1333: (40,2,10,49,1,1,0)
1334: (40,2,7,46,4,4,0)
1335: (40,2,6,45,5,5,0)
1336: (40,2,5,44,6,6,0)
1337: (46,2,11,44,6,6,0)
1338: (47,2,10,50,0,0,0)
1339: (47,2,12,49,1,1,0)
1340: (47,2,13,49,1,1,0)
1341: (47,2,12,48,2,2,0)
1342: (47,2,13,48,2,2,0)
1343: (46,2,15,48,2,2,0)
1344: (45,2,16,48,2,2,0)
1345: (41,2,18,46,4,4,0)
1346: (42,2,17,44,6,6,0)
1347: (48,2,0,50,0,0,0)
1348: (48,2,0,49,1,1,0)
1349: (40,2,9,49,1,1,0)
1350: (39,2,10,49,1,1,0)
1351: (39,2,11,49,1,1,0)
1352: (40,2,11,49,1,1,0)
1353: (39,2,9,48,2,2,0)
1354: (39,2,10,48,2,2,0)
1355: (39,2,8,47,3,3,0)
1356: (39,2,9,47,3,3,0)
1357: (39,2,7,46,4,4,0)
1358: (39,2,8,46,4,4,0)
1359: (39,2,6,45,5,5,0)
1360: (39,2,7,45,5,5,0)
1361: (43,2,15,50,0,0,0)
1362: (42,2,16,50,0,0,0)
1363: (40,2,17,50,0,0,0)
1364: (42,2,17,50,0,0,0)
1365: (40,2,18,50,0,0,0)
1366: (42,2,18,50,0,0,0)
1367: (40,2,19,50,0,0,0)
1368: (41,2,19,50,0,0,0)
1369: (40,2,18,49,1,1,0)
1370: (42,2,18,49,1,1,0)
1371: (40,2,19,49,1,1,0)
1372: (41,2,19,49,1,1,0)
1373: (40,2,17,48,2,2,0)
1374: (39,2,19,48,2,2,0)
1375: (40,2,19,48,2,2,0)
1376: (38,2,18,47,3,3,0)
1377: (38,2,21,47,3,3,0)
1378: (39,2,12,48,2,2,0)
1379: (43,2,4,47,3,3,0)
1380: (42,2,11,50,0,0,0)
1381: (41,2,13,50,0,0,0)
1382: (37,2,17,47,3,3,0)
1383: (37,2,18,47,3,3,0)
1384: (44,2,14,50,0,0,0)
1385: (46,2,14,50,0,0,0)
1386: (44,2,15,50,0,0,0)
1387: (45,2,15,50,0,0,0)
1388: (46,2,13,49,1,1,0)
1389: (45,2,16,47,3,3,0)
1390: (40,2,14,49,1,1,0)
1391: (42,2,6,48,2,2,0)
1392: (41,2,7,48,2,2,0)
1393: (40,2,8,48,2,2,0)
1394: (40,2,7,47,3,3,0)
1395: (38,2,10,47,3,3,0)
1396: (37,2,11,46,4,4,0)
1397: (36,2,12,46,4,4,0)
1398: (36,2,13,46,4,4,0)
1399: (35,2,14,46,4,4,0)
1400: (35,2,15,46,4,4,0)
1401: (35,2,14,45,5,5,0)
1402: (45,2,16,46,4,4,0)
1403: (44,2,16,45,5,5,0)
1404: (37,2,13,47,3,3,0)
1405: (36,2,14,47,3,3,0)
1406: (36,2,15,47,3,3,0)
1407: (36,2,16,47,3,3,0)
1408: (37,2,16,47,3,3,0)
1409: (47,2,11,50,0,0,0)
1410: (45,2,3,49,1,1,0)
1411: (45,2,7,49,0,1,1)
1412: (43,2,7,49,0,1,1)
1413: (43,2,8,49,0,1,1)
1414: (45,2,8,49,0,1,1)
1415: (43,2,9,49,0,1,1)
1416: (44,2,9,49,0,1,1)
1417: (45,2,7,48,1,2,1)
1418: (43,2,7,48,1,2,1)
1419: (44,2,8,48,1,2,1)
1420: (42,2,8,48,1,2,1)
1421: (42,2,9,48,1,2,1)
1422: (43,2,9,48,1,2,1)
1423: (44,2,7,47,2,3,1)
1424: (42,2,7,47,2,3,1)
1425: (42,2,8,47,2,3,1)
1426: (43,2,8,47,2,3,1)
1427: (44,2,6,46,3,4,1)
1428: (42,2,6,46,3,4,1)
1429: (42,2,8,46,3,4,1)
1430: (44,2,8,46,3,4,1)
1431: (42,2,9,46,3,4,1)
1432: (43,2,9,46,3,4,1)
1433: (44,2,7,45,4,5,1)
1434: (43,2,8,45,4,5,1)
1435: (42,2,9,45,4,5,1)
1436: (40,2,10,45,4,5,1)
1437: (42,2,10,45,4,5,1)
1438: (40,2,11,45,4,5,1)
1439: (42,2,11,45,4,5,1)
1440: (40,2,12,45,4,5,1)
1441: (41,2,12,45,4,5,1)
1442: (42,2,11,45,3,5,2)
1443: (40,2,11,45,3,5,2)
1444: (41,2,12,45,3,5,2)
1445: (39,2,12,45,3,5,2)
1446: (39,2,13,45,3,5,2)
1447: (41,2,13,45,3,5,2)
1448: (39,2,14,45,3,5,2)
1449: (41,2,14,45,3,5,2)
1450: (40,2,15,45,3,5,2)
1451: (38,2,15,45,3,5,2)
1452: (38,2,16,45,3,5,2)
1453: (39,2,16,45,3,5,2)
1454: (43,2,7,50,0,0,0)
1455: (41,2,10,50,0,0,0)
1456: (40,2,11,50,0,0,0)
1457: (40,2,12,50,0,0,0)
1458: (41,2,12,50,0,0,0)
1459: (38,2,9,45,5,5,0)
1460: (37,2,10,45,5,5,0)
1461: (35,2,15,45,5,5,0)
1462: (47,2,12,50,0,0,0)
1463: (47,2,13,50,0,0,0)
1464: (46,2,14,49,1,1,0)
1465: (46,2,15,49,1,1,0)
1466: (45,2,16,49,1,1,0)
1467: (43,2,16,49,1,1,0)
1468: (43,2,17,49,1,1,0)
1469: (45,2,17,49,1,1,0)
1470: (44,2,18,49,1,1,0)
1471: (42,2,19,49,1,1,0)
1472: (44,2,19,49,1,1,0)
1473: (42,2,20,49,1,1,0)
1474: (44,2,20,49,1,1,0)
1475: (42,2,21,49,1,1,0)
1476: (43,2,21,49,1,1,0)
1477: (44,2,19,48,2,2,0)
1478: (43,2,20,48,2,2,0)
1479: (41,2,20,48,2,2,0)
1480: (41,2,21,48,2,2,0)
1481: (43,2,21,48,2,2,0)
1482: (41,2,22,48,2,2,0)
1483: (42,2,22,48,2,2,0)
1484: (43,2,20,47,3,3,0)
1485: (41,2,20,47,3,3,0)
1486: (43,2,20,47,2,3,1)
1487: (41,2,20,47,2,3,1)
1488: (41,2,21,47,2,3,1)
1489: (42,2,21,47,2,3,1)
1490: (43,2,19,46,3,4,1)
1491: (41,2,19,46,3,4,1)
1492: (41,2,20,46,3,4,1)
1493: (43,2,20,46,3,4,1)
1494: (41,2,21,46,3,4,1)
1495: (42,2,21,46,3,4,1)
1496: (43,2,19,45,4,5,1)
1497: (41,2,19,45,4,5,1)
1498: (41,2,20,45,4,5,1)
1499: (42,2,20,45,4,5,1)
1500: (48,2,11,47,3,3,0)
1501: (48,2,12,47,3,3,0)
1502: (47,2,14,47,3,3,0)
1503: (46,2,15,47,3,3,0)
1504: (47,2,13,46,4,4,0)
1505: (47,2,12,45,5,5,0)
1506: (51,2,2,48,2,2,0)
1507: (50,2,6,48,2,2,0)
1508: (50,2,6,47,3,3,0)
1509: (34,2,20,45,5,5,0)
1510: (50,2,7,47,3,3,0)
1511: (49,2,7,46,4,4,0)
1512: (50,2,5,45,5,5,0)
1513: (49,2,6,45,5,5,0)
1514: (43,2,18,48,2,2,0)
1515: (41,2,19,48,2,2,0)
1516: (41,2,19,47,3,3,0)
1517: (43,2,19,47,3,3,0)
1518: (43,2,21,47,3,3,0)
1519: (41,2,22,47,3,3,0)
1520: (43,2,22,47,3,3,0)
1521: (41,2,23,47,3,3,0)
1522: (42,2,23,47,3,3,0)
1523: (41,2,21,46,4,4,0)
1524: (42,2,22,45,5,5,0)
1525: (40,2,23,45,5,5,0)
1526: (42,2,23,45,5,5,0)
1527: (41,2,24,45,5,5,0)
1528: (39,2,24,45,5,5,0)
1529: (40,2,25,45,5,5,0)
1530: (38,2,25,45,5,5,0)
1531: (38,2,26,45,5,5,0)
1532: (39,2,26,45,5,5,0)
1533: (42,2,3,45,5,5,0)
1534: (47,2,1,50,0,0,0)
1535: (47,2,2,50,0,0,0)
1536: (50,2,7,48,2,2,0)
1537: (41,2,12,49,1,1,0)
1538: (39,2,12,49,1,1,0)
1539: (39,2,13,49,1,1,0)
1540: (40,2,13,49,1,1,0)
1541: (38,2,13,48,2,2,0)
1542: (38,2,14,48,2,2,0)
1543: (38,2,15,48,2,2,0)
1544: (38,2,16,48,2,2,0)
1545: (39,2,17,48,2,2,0)
1546: (37,2,17,48,2,2,0)
1547: (37,2,18,48,2,2,0)
1548: (37,2,19,48,2,2,0)
1549: (37,2,20,48,2,2,0)
1550: (39,2,20,48,2,2,0)
1551: (37,2,21,48,2,2,0)
1552: (39,2,21,48,2,2,0)
1553: (37,2,22,48,2,2,0)
1554: (38,2,22,48,2,2,0)
1555: (37,2,22,47,3,3,0)
1556: (35,2,22,47,3,3,0)
1557: (37,2,23,47,3,3,0)
1558: (36,2,24,47,3,3,0)
1559: (36,2,23,45,5,5,0)
1560: (34,2,25,45,5,5,0)
1561: (32,2,25,45,5,5,0)
1562: (34,2,26,45,5,5,0)
1563: (39,2,22,46,4,4,0)
1564: (35,2,25,46,4,4,0)
1565: (32,2,26,46,4,4,0)
1566: (32,2,27,46,4,4,0)
1567: (31,2,27,45,5,5,0)
1568: (47,2,1,49,1,1,0)
1569: (46,2,2,49,1,1,0)
1570: (44,2,4,49,1,1,0)
1571: (42,2,5,47,3,3,0)
1572: (42,2,4,46,4,4,0)
1573: (44,2,3,48,2,2,0)
1574: (38,2,11,48,2,2,0)
1575: (38,2,12,48,2,2,0)
1576: (38,2,9,46,4,4,0)
1577: (37,2,10,46,4,4,0)
1578: (47,2,5,49,0,1,1)
1579: (45,2,5,49,0,1,1)
1580: (45,2,6,49,0,1,1)
1581: (47,2,4,48,1,2,1)
1582: (47,2,3,47,2,3,1)
1583: (45,2,3,47,2,3,1)
1584: (46,2,4,47,2,3,1)
1585: (44,2,4,47,2,3,1)
1586: (46,2,3,46,3,4,1)
1587: (44,2,3,46,3,4,1)
1588: (45,2,4,46,3,4,1)
1589: (43,2,4,46,3,4,1)
1590: (43,2,5,46,3,4,1)
1591: (45,2,3,45,4,5,1)
1592: (43,2,3,45,4,5,1)
1593: (44,2,4,45,4,5,1)
1594: (42,2,4,45,4,5,1)
1595: (42,2,5,45,4,5,1)
1596: (44,2,5,45,4,5,1)
1597: (43,2,6,45,4,5,1)
1598: (41,2,6,45,4,5,1)
1599: (41,2,7,45,4,5,1)
1600: (44,2,2,47,3,3,0)
1601: (43,2,3,47,3,3,0)
1602: (43,2,2,46,4,4,0)
1603: (42,2,3,46,4,4,0)
1604: (46,2,0,47,3,3,0)
1605: (41,2,5,46,4,4,0)
1606: (41,2,6,47,3,3,0)
1607: (38,2,8,45,5,5,0)
1608: (36,2,11,45,5,5,0)
1609: (35,2,12,45,5,5,0)
1610: (34,2,13,45,5,5,0)
1611: (33,2,14,45,5,5,0)
1612: (34,2,15,45,5,5,0)
1613: (32,2,15,45,5,5,0)
1614: (32,2,16,45,5,5,0)
1615: (33,2,16,45,5,5,0)
1616: (49,2,1,49,0,1,1)
1617: (47,2,1,49,0,1,1)
1618: (46,2,3,49,0,1,1)
1619: (45,2,4,49,0,1,1)
1620: (47,2,3,48,1,2,1)
1621: (45,2,3,48,1,2,1)
1622: (44,2,4,48,1,2,1)
1623: (44,2,5,48,1,2,1)
1624: (44,2,6,48,1,2,1)
1625: (45,2,6,48,1,2,1)
1626: (45,2,6,47,2,3,1)
1627: (43,2,6,47,2,3,1)
1628: (45,2,5,46,3,4,1)
1629: (41,2,7,46,3,4,1)
1630: (41,2,8,46,3,4,1)
1631: (40,2,8,45,4,5,1)
1632: (39,2,9,45,4,5,1)
1633: (39,2,10,45,4,5,1)
1634: (38,2,23,45,5,5,0)
1635: (33,2,21,45,5,5,0)
1636: (33,2,22,45,5,5,0)
1637: (40,2,21,47,3,3,0)
1638: (40,2,22,47,3,3,0)
1639: (39,2,23,47,3,3,0)
1640: (37,2,24,47,3,3,0)
1641: (38,2,23,46,4,4,0)
1642: (38,2,24,46,4,4,0)
1643: (42,2,6,49,1,1,0)
1644: (41,2,7,49,1,1,0)
1645: (40,2,8,49,1,1,0)
1646: (45,2,0,46,4,4,0)
1647: (44,2,1,46,4,4,0)
1648: (44,2,0,45,5,5,0)
1649: (48,2,5,46,3,4,1)
1650: (46,2,6,46,3,4,1)
1651: (47,2,6,46,3,4,1)
1652: (48,2,4,45,4,5,1)
1653: (46,2,5,45,4,5,1)
1654: (47,2,5,45,4,5,1)
1655: (34,2,16,45,5,5,0)
1656: (34,2,17,45,5,5,0)
1657: (33,2,18,45,5,5,0)
1658: (33,2,19,45,5,5,0)
1659: (32,2,20,45,5,5,0)
1660: (32,2,21,45,5,5,0)
1661: (35,2,16,46,4,4,0)
1662: (35,2,17,46,4,4,0)
1663: (32,2,23,45,5,5,0)
1664: (31,2,24,45,5,5,0)
1665: (30,2,25,45,5,5,0)
1666: (30,2,26,45,5,5,0)
1667: (29,2,27,45,5,5,0)
1668: (29,2,28,45,5,5,0)
1669: (31,2,28,45,5,5,0)
1670: (29,2,29,45,5,5,0)
1671: (30,2,29,45,5,5,0)
1672: (46,2,0,48,2,2,0)
1673: (45,2,1,48,2,2,0)
1674: (44,2,2,48,2,2,0)
1675: (44,2,1,47,3,3,0)
1676: (40,2,6,46,4,4,0)
1677: (40,2,5,45,5,5,0)
1678: (35,2,26,46,4,4,0)
1679: (45,2,2,49,0,1,1)
1680: (45,2,3,49,0,1,1)
1681: (45,2,2,50,0,0,0)
1682: (45,2,3,50,0,0,0)
1683: (44,2,4,50,0,0,0)
1684: (43,2,5,50,0,0,0)
1685: (42,2,6,50,0,0,0)
1686: (42,2,7,50,0,0,0)
1687: (42,2,5,49,1,1,0)
1688: (42,2,4,48,2,2,0)
1689: (41,2,5,48,2,2,0)
1690: (41,2,6,48,2,2,0)
1691: (41,2,4,47,3,3,0)
1692: (40,2,5,47,3,3,0)
1693: (39,2,6,47,3,3,0)
1694: (39,2,7,47,3,3,0)
1695: (39,2,5,46,4,4,0)
1696: (39,2,6,46,4,4,0)
1697: (41,2,4,45,5,5,0)
1698: (39,2,4,45,5,5,0)
1699: (39,2,5,45,5,5,0)
1700: (34,2,20,46,4,4,0)
1701: (43,2,1,45,5,5,0)
1702: (42,2,2,45,5,5,0)
1703: (33,2,23,46,4,4,0)
1704: (33,2,24,46,4,4,0)
1705: (32,2,25,46,4,4,0)
1706: (33,2,28,45,5,5,0)
1707: (32,2,29,45,5,5,0)
1708: (30,2,30,45,5,5,0)
1709: (31,2,30,45,5,5,0)
1710: (42,2,8,50,0,0,0)
1711: (41,2,9,50,0,0,0)
1712: (52,2,0,50,0,0,0)
1713: (52,2,1,50,0,0,0)
1714: (44,2,9,45,4,5,1)
1715: (44,2,10,45,4,5,1)
1716: (44,2,11,45,4,5,1)
1717: (42,2,12,45,4,5,1)
1718: (44,2,12,45,4,5,1)
1719: (43,2,13,45,4,5,1)
1720: (41,2,13,45,4,5,1)
1721: (41,2,14,45,4,5,1)
1722: (43,2,14,45,4,5,1)
1723: (41,2,15,45,4,5,1)
1724: (42,2,15,45,4,5,1)
1725: (43,2,14,45,3,5,2)
1726: (41,2,15,45,3,5,2)
1727: (42,2,15,45,3,5,2)
1728: (40,2,14,50,0,0,0)
1729: (40,2,15,50,0,0,0)
1730: (39,2,16,50,0,0,0)
1731: (39,2,17,50,0,0,0)
1732: (39,2,15,49,1,1,0)
1733: (39,2,16,49,1,1,0)
1734: (39,2,17,49,1,1,0)
1735: (47,2,14,48,2,2,0)
1736: (47,2,14,46,4,4,0)
1737: (46,2,15,46,4,4,0)
1738: (46,2,15,45,5,5,0)
1739: (45,2,16,45,5,5,0)
1740: (34,2,18,46,4,4,0)
1741: (33,2,19,46,4,4,0)
1742: (33,2,20,46,4,4,0)
1743: (44,2,17,45,5,5,0)
1744: (50,2,8,47,3,3,0)
1745: (49,2,9,47,3,3,0)
1746: (49,2,10,47,3,3,0)
1747: (48,2,13,47,3,3,0)
1748: (48,2,12,46,4,4,0)
1749: (47,2,13,45,5,5,0)
1750: (47,2,14,45,5,5,0)
1751: (37,2,11,47,3,3,0)
1752: (36,2,12,47,3,3,0)
1753: (35,2,13,47,3,3,0)
1754: (34,2,14,47,3,3,0)
1755: (35,2,15,47,3,3,0)
1756: (33,2,15,47,3,3,0)
1757: (34,2,16,47,3,3,0)
1758: (32,2,16,47,3,3,0)
1759: (32,2,17,47,3,3,0)
1760: (33,2,17,47,3,3,0)
1761: (34,2,15,46,4,4,0)
1762: (32,2,15,46,4,4,0)
1763: (32,2,16,46,4,4,0)
1764: (34,2,16,46,4,4,0)
1765: (32,2,17,46,4,4,0)
1766: (33,2,17,46,4,4,0)
1767: (34,2,16,46,3,4,1)
1768: (32,2,16,46,3,4,1)
1769: (32,2,17,46,3,4,1)
1770: (34,2,17,46,3,4,1)
1771: (32,2,18,46,3,4,1)
1772: (33,2,18,46,3,4,1)
1773: (34,2,16,45,4,5,1)
1774: (32,2,16,45,4,5,1)
1775: (33,2,17,45,4,5,1)
1776: (31,2,17,45,4,5,1)
1777: (31,2,18,45,4,5,1)
1778: (33,2,18,45,4,5,1)
1779: (31,2,19,45,4,5,1)
1780: (32,2,19,45,4,5,1)
1781: (42,2,19,45,5,5,0)
1782: (48,2,11,46,4,4,0)
1783: (44,2,17,48,2,2,0)
1784: (44,2,18,47,3,3,0)
1785: (44,2,18,45,5,5,0)
1786: (43,2,19,45,5,5,0)
1787: (51,2,5,50,0,0,0)
1788: (50,2,7,50,0,0,0)
1789: (50,2,6,49,1,1,0)
1790: (50,2,7,49,1,1,0)
1791: (50,2,5,46,3,4,1)
1792: (48,2,6,46,3,4,1)
1793: (49,2,6,46,3,4,1)
1794: (50,2,4,45,4,5,1)
1795: (48,2,5,45,4,5,1)
1796: (50,2,5,45,4,5,1)
1797: (48,2,6,45,4,5,1)
1798: (49,2,6,45,4,5,1)
1799: (34,2,23,47,3,3,0)
1800: (34,2,24,47,3,3,0)
1801: (35,2,25,47,3,3,0)
1802: (33,2,25,47,3,3,0)
1803: (33,2,26,47,3,3,0)
1804: (34,2,26,47,3,3,0)
1805: (34,2,27,46,4,4,0)
1806: (32,2,28,46,4,4,0)
1807: (33,2,28,46,4,4,0)
1808: (34,2,27,45,5,5,0)
1809: (47,2,2,48,1,2,1)
1810: (48,2,3,48,1,2,1)
1811: (47,2,1,47,2,3,1)
1812: (46,2,2,47,2,3,1)
1813: (43,2,5,47,2,3,1)
1814: (52,2,2,50,0,0,0)
1815: (51,2,3,50,0,0,0)
1816: (51,2,4,50,0,0,0)
1817: (51,2,3,49,1,1,0)
1818: (51,2,4,49,1,1,0)
1819: (51,2,5,49,1,1,0)
1820: (51,2,2,47,3,3,0)
1821: (51,2,3,47,3,3,0)
1822: (51,2,4,47,3,3,0)
1823: (51,2,5,47,3,3,0)
1824: (51,2,4,46,4,4,0)
1825: (48,2,4,47,2,3,1)
1826: (47,2,5,47,2,3,1)
1827: (48,2,3,46,3,4,1)
1828: (46,2,4,46,3,4,1)
1829: (47,2,4,46,3,4,1)
1830: (48,2,2,45,4,5,1)
1831: (46,2,2,45,4,5,1)
1832: (47,2,3,45,4,5,1)
1833: (51,2,0,47,3,3,0)
1834: (49,2,9,46,4,4,0)
1835: (48,2,10,46,4,4,0)
1836: (51,2,2,49,1,1,0)
1837: (51,2,0,46,4,4,0)
1838: (49,2,8,45,5,5,0)
1839: (51,2,3,48,2,2,0)
1840: (51,2,2,46,4,4,0)
1841: (51,2,3,46,4,4,0)
1842: (38,2,18,49,1,1,0)
1843: (38,2,19,49,1,1,0)
1844: (38,2,20,49,1,1,0)
1845: (39,2,20,49,1,1,0)
1846: (37,2,19,47,3,3,0)
1847: (48,2,11,48,2,2,0)
1848: (50,2,8,49,1,1,0)
1849: (50,2,9,49,1,1,0)
1850: (49,2,10,49,1,1,0)
1851: (49,2,11,49,1,1,0)
1852: (48,2,12,49,1,1,0)
1853: (48,2,13,49,1,1,0)
1854: (47,2,14,49,1,1,0)
1855: (48,2,12,48,2,2,0)
1856: (48,2,13,48,2,2,0)
1857: (47,2,15,48,2,2,0)
1858: (46,2,16,48,2,2,0)
1859: (45,2,17,48,2,2,0)
1860: (43,2,22,46,4,4,0)
1861: (42,2,23,46,4,4,0)
1862: (43,2,21,45,5,5,0)
1863: (49,2,9,48,2,2,0)
1864: (49,2,10,48,2,2,0)
1865: (39,2,24,47,3,3,0)
1866: (38,2,25,47,3,3,0)
1867: (36,2,25,47,3,3,0)
1868: (36,2,26,47,3,3,0)
1869: (38,2,26,47,3,3,0)
1870: (36,2,27,47,3,3,0)
1871: (37,2,27,47,3,3,0)
1872: (38,2,25,46,4,4,0)
1873: (37,2,26,46,4,4,0)
1874: (35,2,27,46,4,4,0)
1875: (36,2,27,46,4,4,0)
1876: (51,2,5,46,4,4,0)
1877: (51,2,6,46,4,4,0)
1878: (51,2,7,46,4,4,0)
1879: (50,2,8,46,4,4,0)
1880: (50,2,7,45,5,5,0)
1881: (50,2,8,50,0,0,0)
1882: (50,2,9,50,0,0,0)
1883: (49,2,10,50,0,0,0)
1884: (49,2,11,50,0,0,0)
1885: (50,2,8,48,2,2,0)
1886: (51,2,6,50,0,0,0)
1887: (51,2,4,48,2,2,0)
1888: (51,2,5,48,2,2,0)
1889: (50,2,3,45,5,5,0)
1890: (50,2,4,45,5,5,0)
1891: (37,2,26,45,5,5,0)
1892: (36,2,27,45,5,5,0)
1893: (47,2,9,48,1,2,1)
1894: (45,2,9,48,1,2,1)
1895: (45,2,10,48,1,2,1)
1896: (46,2,10,48,1,2,1)
1897: (36,2,20,47,3,3,0)
1898: (35,2,21,47,3,3,0)
1899: (49,2,9,45,5,5,0)
1900: (49,2,10,45,5,5,0)
1901: (49,2,11,45,5,5,0)
1902: (48,2,12,45,5,5,0)
1903: (49,2,12,50,0,0,0)
1904: (48,2,13,50,0,0,0)
1905: (47,2,6,48,1,2,1)
1906: (46,2,7,48,1,2,1)
1907: (47,2,6,47,2,3,1)
1908: (45,2,7,47,2,3,1)
1909: (46,2,7,47,2,3,1)
1910: (45,2,7,46,3,4,1)
1911: (45,2,6,45,4,5,1)
1912: (42,2,20,45,5,5,0)
1913: (50,2,1,48,1,2,1)
1914: (48,2,1,48,1,2,1)
1915: (50,2,2,48,1,2,1)
1916: (49,2,3,48,1,2,1)
1917: (50,2,1,47,2,3,1)
1918: (49,2,2,47,2,3,1)
1919: (48,2,3,47,2,3,1)
1920: (49,2,1,46,3,4,1)
1921: (47,2,1,46,3,4,1)
1922: (47,2,2,46,3,4,1)
1923: (49,2,2,46,3,4,1)
1924: (45,2,4,45,4,5,1)
1925: (45,2,5,45,4,5,1)
1926: (52,2,1,47,3,3,0)
1927: (51,2,1,46,4,4,0)
1928: (51,2,0,45,5,5,0)
1929: (52,2,0,49,1,1,0)
1930: (52,2,1,49,1,1,0)
1931: (52,2,0,48,2,2,0)
1932: (52,2,1,48,2,2,0)
1933: (51,2,4,48,1,2,1)
1934: (50,2,5,48,1,2,1)
1935: (49,2,6,48,1,2,1)
1936: (50,2,4,47,2,3,1)
1937: (48,2,5,47,2,3,1)
1938: (49,2,5,47,2,3,1)
1939: (45,2,17,46,4,4,0)
1940: (39,2,23,46,4,4,0)
1941: (47,2,6,49,0,1,1)
1942: (46,2,7,49,0,1,1)
1943: (33,2,21,46,4,4,0)
1944: (33,2,22,46,4,4,0)
1945: (35,2,28,45,5,5,0)
1946: (33,2,29,45,5,5,0)
1947: (34,2,29,45,5,5,0)
1948: (40,2,24,46,4,4,0)
1949: (39,2,25,46,4,4,0)
1950: (51,2,1,45,5,5,0)
1951: (51,2,2,45,5,5,0)
1952: (51,2,0,49,0,1,1)
1953: (49,2,0,49,0,1,1)
1954: (51,2,1,49,0,1,1)
1955: (50,2,2,49,0,1,1)
1956: (50,2,3,49,0,1,1)
1957: (49,2,4,49,0,1,1)
1958: (49,2,5,49,0,1,1)
1959: (49,2,6,49,0,1,1)
1960: (47,2,7,49,0,1,1)
1961: (48,2,7,49,0,1,1)
1962: (47,2,7,48,1,2,1)
1963: (49,2,7,48,1,2,1)
1964: (47,2,8,48,1,2,1)
1965: (48,2,8,48,1,2,1)
1966: (49,2,0,45,4,5,1)
1967: (47,2,0,45,4,5,1)
1968: (48,2,1,45,4,5,1)
1969: (46,2,1,45,4,5,1)
1970: (42,2,14,48,1,2,1)
1971: (40,2,14,48,1,2,1)
1972: (41,2,15,48,1,2,1)
1973: (39,2,15,48,1,2,1)
1974: (39,2,16,48,1,2,1)
1975: (41,2,16,48,1,2,1)
1976: (39,2,17,48,1,2,1)
1977: (40,2,17,48,1,2,1)
1978: (41,2,15,47,2,3,1)
1979: (39,2,15,47,2,3,1)
1980: (39,2,16,47,2,3,1)
1981: (40,2,16,47,2,3,1)
1982: (41,2,14,46,3,4,1)
1983: (39,2,14,46,3,4,1)
1984: (39,2,15,46,3,4,1)
1985: (41,2,15,46,3,4,1)
1986: (39,2,16,46,3,4,1)
1987: (41,2,16,46,3,4,1)
1988: (39,2,17,46,3,4,1)
1989: (40,2,17,46,3,4,1)
1990: (39,2,15,45,4,5,1)
1991: (39,2,16,45,4,5,1)
1992: (41,2,16,45,4,5,1)
1993: (39,2,17,45,4,5,1)
1994: (40,2,17,45,4,5,1)
1995: (45,2,17,47,3,3,0)
1996: (45,2,18,46,4,4,0)
1997: (44,2,19,46,4,4,0)
1998: (44,2,20,46,4,4,0)
1999: (44,2,21,46,4,4,0)
2000: (41,2,24,46,4,4,0)
2001: (48,2,0,44,5,6,1)
2002: (46,2,0,44,5,6,1)
2003: (48,2,1,44,5,6,1)
2004: (46,2,1,44,5,6,1)
2005: (48,2,3,44,5,6,1)
2006: (49,2,2,44,6,6,0)
2007: (50,2,0,44,6,6,0)
2008: (43,2,6,44,5,6,1)
2009: (41,2,6,44,5,6,1)
2010: (41,2,8,44,5,6,1)
2011: (39,2,8,44,5,6,1)
2012: (33,2,17,44,5,6,1)
2013: (31,2,17,44,5,6,1)
2014: (41,2,15,44,5,6,1)
2015: (39,2,15,44,5,6,1)
2016: (40,2,14,44,4,6,2)
2017: (38,2,14,44,4,6,2)
2018: (41,2,17,44,6,6,0)
2019: (34,2,14,44,6,6,0)
2020: (32,2,14,44,6,6,0)
2021: (50,2,4,44,5,6,1)
2022: (48,2,4,44,5,6,1)
2023: (39,2,6,44,6,6,0)
2024: (41,2,3,44,6,6,0)
2025: (39,2,3,44,6,6,0)
2026: (49,2,5,44,6,6,0)
2027: (48,2,9,44,6,6,0)
2028: (43,2,13,44,4,6,2)
2029: (41,2,13,44,4,6,2)
2030: (37,2,9,44,6,6,0)
2031: (35,2,27,44,6,6,0)
2032: (33,2,27,44,6,6,0)
2033: (45,2,5,44,5,6,1)
2034: (43,2,5,44,5,6,1)
2035: (41,2,18,44,6,6,0)
2036: (37,2,19,44,6,6,0)
2037: (35,2,19,44,6,6,0)
2038: (45,2,3,44,5,6,1)
2039: (37,2,13,44,6,6,0)
2040: (40,2,8,44,6,6,0)
2041: (31,2,27,44,6,6,0)
2042: (29,2,27,44,6,6,0)
2043: (43,2,1,44,6,6,0)
2044: (46,2,10,44,6,6,0)
2045: (35,2,14,44,6,6,0)
2046: (49,2,7,44,6,6,0)
2047: (43,2,18,44,5,6,1)
2048: (41,2,18,44,5,6,1)
2049: (38,2,10,44,6,6,0)
2050: (40,2,22,44,6,6,0)
2051: (38,2,22,44,6,6,0)
2052: (45,2,2,44,5,6,1)
2053: (43,2,2,44,5,6,1)
2054: (51,2,1,44,6,6,0)
2055: (35,2,15,44,6,6,0)
2056: (36,2,21,44,6,6,0)
2057: (34,2,25,44,6,6,0)
2058: (36,2,22,44,6,6,0)
2059: (35,2,12,44,6,6,0)
2060: (45,2,13,44,6,6,0)
2061: (39,2,7,44,6,6,0)
2062: (44,2,0,44,6,6,0)
2063: (38,2,20,44,6,6,0)
2064: (34,2,16,44,6,6,0)
2065: (35,2,22,44,6,6,0)
2066: (33,2,22,44,6,6,0)
2067: (47,2,8,44,6,6,0)
2068: (35,2,13,44,6,6,0)
2069: (33,2,21,44,6,6,0)
2070: (41,2,23,44,6,6,0)
2071: (39,2,23,44,6,6,0)
2072: (36,2,17,44,6,6,0)
2073: (50,2,4,44,6,6,0)
2074: (38,2,24,44,6,6,0)
2075: (49,2,6,44,6,6,0)
2076: (34,2,17,44,6,6,0)
2077: (40,2,24,44,6,6,0)
2078: (36,2,23,44,6,6,0)
2079: (34,2,23,44,6,6,0)
2080: (37,2,20,44,6,6,0)
2081: (35,2,20,44,6,6,0)
2082: (34,2,24,44,6,6,0)
2083: (44,2,15,44,6,6,0)
2084: (38,2,21,44,6,6,0)
2085: (37,2,25,44,6,6,0)
2086: (35,2,25,44,6,6,0)
2087: (47,2,13,44,6,6,0)
2088: (49,2,10,44,6,6,0)
2089: (47,2,10,44,6,6,0)
2090: (34,2,26,44,6,6,0)
2091: (32,2,26,44,6,6,0)
2092: (50,2,3,44,6,6,0)
2093: (41,2,20,44,6,6,0)
2094: (42,2,2,44,6,6,0)
2095: (41,2,21,44,6,6,0)
2096: (39,2,21,44,6,6,0)
2097: (33,2,20,44,6,6,0)
2098: (33,2,18,44,6,6,0)
2099: (34,2,19,44,6,6,0)
2100: (32,2,19,44,6,6,0)
2101: (41,2,19,44,6,6,0)
2102: (36,2,11,44,6,6,0)
2103: (41,2,4,44,6,6,0)
2104: (44,2,16,44,6,6,0)
2105: (46,2,14,44,6,6,0)
2106: (43,2,20,44,6,6,0)
2107: (44,2,17,44,6,6,0)
2108: (32,2,28,44,6,6,0)
2109: (30,2,28,44,6,6,0)
2110: (31,2,25,44,6,6,0)
2111: (41,2,16,44,6,6,0)
2112: (38,2,8,44,6,6,0)
2113: (47,2,12,44,6,6,0)
2114: (39,2,5,44,6,6,0)
2115: (47,2,11,44,6,6,0)
2116: (47,2,0,50,0,0,0)
2117: (47,2,0,49,1,1,0)
2118: (39,2,9,49,1,1,0)
2119: (38,2,10,49,1,1,0)
2120: (38,2,11,49,1,1,0)
2121: (38,2,9,48,2,2,0)
2122: (38,2,10,48,2,2,0)
2123: (38,2,8,47,3,3,0)
2124: (38,2,9,47,3,3,0)
2125: (38,2,7,46,4,4,0)
2126: (38,2,8,46,4,4,0)
2127: (38,2,6,45,5,5,0)
2128: (38,2,7,45,5,5,0)
2129: (43,2,16,50,0,0,0)
2130: (43,2,17,50,0,0,0)
2131: (39,2,18,50,0,0,0)
2132: (43,2,18,50,0,0,0)
2133: (39,2,19,50,0,0,0)
2134: (42,2,19,50,0,0,0)
2135: (40,2,13,50,0,0,0)
2136: (36,2,17,47,3,3,0)
2137: (36,2,18,47,3,3,0)
2138: (47,2,14,50,0,0,0)
2139: (46,2,15,50,0,0,0)
2140: (46,2,16,47,3,3,0)
2141: (39,2,14,49,1,1,0)
2142: (40,2,7,48,2,2,0)
2143: (39,2,8,48,2,2,0)
2144: (37,2,10,47,3,3,0)
2145: (36,2,11,46,4,4,0)
2146: (35,2,12,46,4,4,0)
2147: (35,2,13,46,4,4,0)
2148: (34,2,14,46,4,4,0)
2149: (46,2,16,46,4,4,0)
2150: (35,2,16,47,3,3,0)
2151: (44,2,3,49,1,1,0)
2152: (42,2,7,49,0,1,1)
2153: (42,2,8,49,0,1,1)
2154: (46,2,8,49,0,1,1)
2155: (42,2,9,49,0,1,1)
2156: (45,2,9,49,0,1,1)
2157: (42,2,7,48,1,2,1)
2158: (45,2,8,48,1,2,1)
2159: (41,2,8,48,1,2,1)
2160: (41,2,9,48,1,2,1)
2161: (44,2,9,48,1,2,1)
2162: (41,2,7,47,2,3,1)
2163: (41,2,8,47,2,3,1)
2164: (44,2,8,47,2,3,1)
2165: (41,2,6,46,3,4,1)
2166: (45,2,8,46,3,4,1)
2167: (41,2,9,46,3,4,1)
2168: (44,2,9,46,3,4,1)
2169: (45,2,7,45,4,5,1)
2170: (44,2,8,45,4,5,1)
2171: (39,2,11,45,4,5,1)
2172: (39,2,12,45,4,5,1)
2173: (43,2,11,45,3,5,2)
2174: (39,2,11,45,3,5,2)
2175: (42,2,12,45,3,5,2)
2176: (38,2,12,45,3,5,2)
2177: (38,2,13,45,3,5,2)
2178: (42,2,13,45,3,5,2)
2179: (38,2,14,45,3,5,2)
2180: (37,2,15,45,3,5,2)
2181: (37,2,16,45,3,5,2)
2182: (40,2,16,45,3,5,2)
2183: (40,2,10,50,0,0,0)
2184: (39,2,11,50,0,0,0)
2185: (39,2,12,50,0,0,0)
2186: (37,2,9,45,5,5,0)
2187: (36,2,10,45,5,5,0)
2188: (47,2,15,49,1,1,0)
2189: (46,2,16,49,1,1,0)
2190: (46,2,17,49,1,1,0)
2191: (45,2,18,49,1,1,0)
2192: (45,2,19,49,1,1,0)
2193: (41,2,20,49,1,1,0)
2194: (45,2,20,49,1,1,0)
2195: (41,2,21,49,1,1,0)
2196: (44,2,21,49,1,1,0)
2197: (45,2,19,48,2,2,0)
2198: (44,2,20,48,2,2,0)
2199: (40,2,20,48,2,2,0)
2200: (40,2,21,48,2,2,0)
2201: (44,2,21,48,2,2,0)
2202: (40,2,22,48,2,2,0)
2203: (43,2,22,48,2,2,0)
2204: (44,2,20,47,3,3,0)
2205: (44,2,20,47,2,3,1)
2206: (40,2,20,47,2,3,1)
2207: (40,2,21,47,2,3,1)
2208: (43,2,21,47,2,3,1)
2209: (44,2,19,46,3,4,1)
2210: (40,2,19,46,3,4,1)
2211: (40,2,20,46,3,4,1)
2212: (44,2,20,46,3,4,1)
2213: (40,2,21,46,3,4,1)
2214: (43,2,21,46,3,4,1)
2215: (44,2,19,45,4,5,1)
2216: (40,2,19,45,4,5,1)
2217: (40,2,20,45,4,5,1)
2218: (43,2,20,45,4,5,1)
2219: (49,2,11,47,3,3,0)
2220: (49,2,12,47,3,3,0)
2221: (48,2,14,47,3,3,0)
2222: (47,2,15,47,3,3,0)
2223: (48,2,13,46,4,4,0)
2224: (52,2,2,48,2,2,0)
2225: (51,2,6,48,2,2,0)
2226: (51,2,6,47,3,3,0)
2227: (51,2,7,47,3,3,0)
2228: (51,2,5,45,5,5,0)
2229: (50,2,6,45,5,5,0)
2230: (44,2,18,48,2,2,0)
2231: (44,2,19,47,3,3,0)
2232: (44,2,21,47,3,3,0)
2233: (44,2,22,47,3,3,0)
2234: (40,2,23,47,3,3,0)
2235: (43,2,23,47,3,3,0)
2236: (43,2,22,45,5,5,0)
2237: (43,2,23,45,5,5,0)
2238: (42,2,24,45,5,5,0)
2239: (41,2,25,45,5,5,0)
2240: (40,2,26,45,5,5,0)
2241: (41,2,3,45,5,5,0)
2242: (46,2,1,50,0,0,0)
2243: (51,2,7,48,2,2,0)
2244: (38,2,12,49,1,1,0)
2245: (38,2,13,49,1,1,0)
2246: (37,2,13,48,2,2,0)
2247: (37,2,14,48,2,2,0)
2248: (37,2,15,48,2,2,0)
2249: (37,2,16,48,2,2,0)
2250: (36,2,17,48,2,2,0)
2251: (36,2,18,48,2,2,0)
2252: (36,2,19,48,2,2,0)
2253: (36,2,20,48,2,2,0)
2254: (36,2,21,48,2,2,0)
2255: (36,2,22,48,2,2,0)
2256: (39,2,22,48,2,2,0)
2257: (34,2,22,47,3,3,0)
2258: (31,2,26,46,4,4,0)
2259: (31,2,27,46,4,4,0)
2260: (46,2,1,49,1,1,0)
2261: (45,2,2,49,1,1,0)
2262: (43,2,4,49,1,1,0)
2263: (41,2,4,46,4,4,0)
2264: (43,2,3,48,2,2,0)
2265: (37,2,11,48,2,2,0)
2266: (37,2,12,48,2,2,0)
2267: (37,2,9,46,4,4,0)
2268: (36,2,10,46,4,4,0)
2269: (44,2,5,49,0,1,1)
2270: (44,2,6,49,0,1,1)
2271: (44,2,3,47,2,3,1)
2272: (43,2,4,47,2,3,1)
2273: (43,2,3,46,3,4,1)
2274: (42,2,4,46,3,4,1)
2275: (42,2,5,46,3,4,1)
2276: (42,2,3,45,4,5,1)
2277: (41,2,4,45,4,5,1)
2278: (41,2,5,45,4,5,1)
2279: (40,2,6,45,4,5,1)
2280: (40,2,7,45,4,5,1)
2281: (43,2,2,47,3,3,0)
2282: (42,2,3,47,3,3,0)
2283: (42,2,2,46,4,4,0)
2284: (41,2,3,46,4,4,0)
2285: (45,2,0,47,3,3,0)
2286: (37,2,8,45,5,5,0)
2287: (35,2,11,45,5,5,0)
2288: (34,2,12,45,5,5,0)
2289: (33,2,13,45,5,5,0)
2290: (32,2,14,45,5,5,0)
2291: (31,2,15,45,5,5,0)
2292: (31,2,16,45,5,5,0)
2293: (46,2,1,49,0,1,1)
2294: (44,2,4,49,0,1,1)
2295: (44,2,3,48,1,2,1)
2296: (43,2,4,48,1,2,1)
2297: (43,2,5,48,1,2,1)
2298: (43,2,6,48,1,2,1)
2299: (42,2,6,47,2,3,1)
2300: (40,2,7,46,3,4,1)
2301: (40,2,8,46,3,4,1)
2302: (39,2,8,45,4,5,1)
2303: (38,2,9,45,4,5,1)
2304: (38,2,10,45,4,5,1)
2305: (32,2,22,45,5,5,0)
2306: (41,2,6,49,1,1,0)
2307: (40,2,7,49,1,1,0)
2308: (39,2,8,49,1,1,0)
2309: (44,2,0,46,4,4,0)
2310: (43,2,1,46,4,4,0)
2311: (43,2,0,45,5,5,0)
2312: (33,2,17,45,5,5,0)
2313: (32,2,18,45,5,5,0)
2314: (32,2,19,45,5,5,0)
2315: (31,2,20,45,5,5,0)
2316: (31,2,21,45,5,5,0)
2317: (34,2,17,46,4,4,0)
2318: (31,2,23,45,5,5,0)
2319: (30,2,24,45,5,5,0)
2320: (29,2,25,45,5,5,0)
2321: (29,2,26,45,5,5,0)
2322: (28,2,27,45,5,5,0)
2323: (28,2,28,45,5,5,0)
2324: (28,2,29,45,5,5,0)
2325: (45,2,0,48,2,2,0)
2326: (44,2,1,48,2,2,0)
2327: (43,2,2,48,2,2,0)
2328: (43,2,1,47,3,3,0)
2329: (44,2,2,49,0,1,1)
2330: (44,2,3,49,0,1,1)
2331: (44,2,2,50,0,0,0)
2332: (44,2,3,50,0,0,0)
2333: (43,2,4,50,0,0,0)
2334: (42,2,5,50,0,0,0)
2335: (41,2,6,50,0,0,0)
2336: (41,2,7,50,0,0,0)
2337: (41,2,5,49,1,1,0)
2338: (41,2,4,48,2,2,0)
2339: (40,2,5,48,2,2,0)
2340: (40,2,6,48,2,2,0)
2341: (40,2,4,47,3,3,0)
2342: (39,2,5,47,3,3,0)
2343: (38,2,6,47,3,3,0)
2344: (38,2,7,47,3,3,0)
2345: (38,2,5,46,4,4,0)
2346: (38,2,6,46,4,4,0)
2347: (38,2,4,45,5,5,0)
2348: (38,2,5,45,5,5,0)
2349: (42,2,1,45,5,5,0)
2350: (41,2,2,45,5,5,0)
2351: (32,2,23,46,4,4,0)
2352: (32,2,24,46,4,4,0)
2353: (31,2,25,46,4,4,0)
2354: (29,2,30,45,5,5,0)
2355: (32,2,30,45,5,5,0)
2356: (41,2,8,50,0,0,0)
2357: (40,2,9,50,0,0,0)
2358: (53,2,0,50,0,0,0)
2359: (53,2,1,50,0,0,0)
2360: (45,2,9,45,4,5,1)
2361: (45,2,10,45,4,5,1)
2362: (45,2,11,45,4,5,1)
2363: (45,2,12,45,4,5,1)
2364: (44,2,13,45,4,5,1)
2365: (40,2,13,45,4,5,1)
2366: (40,2,14,45,4,5,1)
2367: (44,2,14,45,4,5,1)
2368: (43,2,15,45,4,5,1)
2369: (44,2,14,45,3,5,2)
2370: (43,2,15,45,3,5,2)
2371: (39,2,14,50,0,0,0)
2372: (39,2,15,50,0,0,0)
2373: (38,2,16,50,0,0,0)
2374: (38,2,17,50,0,0,0)
2375: (38,2,15,49,1,1,0)
2376: (38,2,16,49,1,1,0)
2377: (38,2,17,49,1,1,0)
2378: (48,2,14,48,2,2,0)
2379: (48,2,14,46,4,4,0)
2380: (47,2,15,46,4,4,0)
2381: (47,2,15,45,5,5,0)
2382: (46,2,16,45,5,5,0)
2383: (33,2,18,46,4,4,0)
2384: (32,2,19,46,4,4,0)
2385: (32,2,20,46,4,4,0)
2386: (45,2,17,45,5,5,0)
2387: (51,2,8,47,3,3,0)
2388: (50,2,9,47,3,3,0)
2389: (50,2,10,47,3,3,0)
2390: (49,2,13,47,3,3,0)
2391: (49,2,12,46,4,4,0)
2392: (48,2,13,45,5,5,0)
2393: (48,2,14,45,5,5,0)
2394: (36,2,11,47,3,3,0)
2395: (35,2,12,47,3,3,0)
2396: (34,2,13,47,3,3,0)
2397: (33,2,14,47,3,3,0)
2398: (32,2,15,47,3,3,0)
2399: (31,2,16,47,3,3,0)
2400: (31,2,17,47,3,3,0)
2401: (34,2,17,47,3,3,0)
2402: (31,2,15,46,4,4,0)
2403: (31,2,16,46,4,4,0)
2404: (31,2,17,46,4,4,0)
2405: (35,2,16,46,3,4,1)
2406: (31,2,16,46,3,4,1)
2407: (31,2,17,46,3,4,1)
2408: (35,2,17,46,3,4,1)
2409: (31,2,18,46,3,4,1)
2410: (34,2,18,46,3,4,1)
2411: (35,2,16,45,4,5,1)
2412: (31,2,16,45,4,5,1)
2413: (34,2,17,45,4,5,1)
2414: (30,2,17,45,4,5,1)
2415: (30,2,18,45,4,5,1)
2416: (34,2,18,45,4,5,1)
2417: (30,2,19,45,4,5,1)
2418: (33,2,19,45,4,5,1)
2419: (49,2,11,46,4,4,0)
2420: (45,2,18,47,3,3,0)
2421: (45,2,18,45,5,5,0)
2422: (44,2,19,45,5,5,0)
2423: (52,2,5,50,0,0,0)
2424: (51,2,7,50,0,0,0)
2425: (51,2,6,49,1,1,0)
2426: (51,2,7,49,1,1,0)
2427: (51,2,5,46,3,4,1)
2428: (50,2,6,46,3,4,1)
2429: (51,2,4,45,4,5,1)
2430: (51,2,5,45,4,5,1)
2431: (47,2,6,45,4,5,1)
2432: (50,2,6,45,4,5,1)
2433: (33,2,23,47,3,3,0)
2434: (33,2,24,47,3,3,0)
2435: (32,2,25,47,3,3,0)
2436: (32,2,26,47,3,3,0)
2437: (35,2,26,47,3,3,0)
2438: (31,2,28,46,4,4,0)
2439: (34,2,28,46,4,4,0)
2440: (46,2,2,48,1,2,1)
2441: (46,2,1,47,2,3,1)
2442: (45,2,2,47,2,3,1)
2443: (42,2,5,47,2,3,1)
2444: (53,2,2,50,0,0,0)
2445: (52,2,3,50,0,0,0)
2446: (52,2,4,50,0,0,0)
2447: (52,2,3,49,1,1,0)
2448: (52,2,4,49,1,1,0)
2449: (52,2,5,49,1,1,0)
2450: (52,2,2,47,3,3,0)
2451: (52,2,3,47,3,3,0)
2452: (52,2,4,47,3,3,0)
2453: (52,2,5,47,3,3,0)
2454: (52,2,4,46,4,4,0)
2455: (49,2,3,46,3,4,1)
2456: (48,2,4,46,3,4,1)
2457: (49,2,2,45,4,5,1)
2458: (45,2,2,45,4,5,1)
2459: (48,2,3,45,4,5,1)
2460: (52,2,0,47,3,3,0)
2461: (50,2,9,46,4,4,0)
2462: (49,2,10,46,4,4,0)
2463: (52,2,2,49,1,1,0)
2464: (52,2,0,46,4,4,0)
2465: (50,2,8,45,5,5,0)
2466: (52,2,3,48,2,2,0)
2467: (52,2,2,46,4,4,0)
2468: (52,2,3,46,4,4,0)
2469: (37,2,18,49,1,1,0)
2470: (37,2,19,49,1,1,0)
2471: (37,2,20,49,1,1,0)
2472: (40,2,20,49,1,1,0)
2473: (36,2,19,47,3,3,0)
2474: (49,2,11,48,2,2,0)
2475: (51,2,8,49,1,1,0)
2476: (51,2,9,49,1,1,0)
2477: (50,2,10,49,1,1,0)
2478: (50,2,11,49,1,1,0)
2479: (49,2,12,49,1,1,0)
2480: (49,2,13,49,1,1,0)
2481: (48,2,14,49,1,1,0)
2482: (49,2,12,48,2,2,0)
2483: (49,2,13,48,2,2,0)
2484: (48,2,15,48,2,2,0)
2485: (47,2,16,48,2,2,0)
2486: (46,2,17,48,2,2,0)
2487: (44,2,22,46,4,4,0)
2488: (43,2,23,46,4,4,0)
2489: (44,2,21,45,5,5,0)
2490: (50,2,9,48,2,2,0)
2491: (50,2,10,48,2,2,0)
2492: (40,2,24,47,3,3,0)
2493: (39,2,25,47,3,3,0)
2494: (39,2,26,47,3,3,0)
2495: (35,2,27,47,3,3,0)
2496: (38,2,27,47,3,3,0)
2497: (38,2,26,46,4,4,0)
2498: (37,2,27,46,4,4,0)
2499: (52,2,5,46,4,4,0)
2500: (52,2,6,46,4,4,0)
2501: (52,2,7,46,4,4,0)
2502: (51,2,8,46,4,4,0)
2503: (51,2,7,45,5,5,0)
2504: (51,2,8,50,0,0,0)
2505: (51,2,9,50,0,0,0)
2506: (50,2,10,50,0,0,0)
2507: (50,2,11,50,0,0,0)
2508: (51,2,8,48,2,2,0)
2509: (52,2,6,50,0,0,0)
2510: (52,2,4,48,2,2,0)
2511: (52,2,5,48,2,2,0)
2512: (51,2,3,45,5,5,0)
2513: (51,2,4,45,5,5,0)
2514: (37,2,27,45,5,5,0)
2515: (48,2,9,48,1,2,1)
2516: (44,2,10,48,1,2,1)
2517: (47,2,10,48,1,2,1)
2518: (35,2,20,47,3,3,0)
2519: (34,2,21,47,3,3,0)
2520: (50,2,9,45,5,5,0)
2521: (50,2,10,45,5,5,0)
2522: (50,2,11,45,5,5,0)
2523: (49,2,12,45,5,5,0)
2524: (50,2,12,50,0,0,0)
2525: (49,2,13,50,0,0,0)
2526: (48,2,6,47,2,3,1)
2527: (47,2,7,47,2,3,1)
2528: (46,2,7,46,3,4,1)
2529: (46,2,6,45,4,5,1)
2530: (43,2,20,45,5,5,0)
2531: (51,2,1,48,1,2,1)
2532: (47,2,1,48,1,2,1)
2533: (51,2,2,48,1,2,1)
2534: (50,2,3,48,1,2,1)
2535: (51,2,1,47,2,3,1)
2536: (50,2,2,47,2,3,1)
2537: (49,2,3,47,2,3,1)
2538: (50,2,1,46,3,4,1)
2539: (46,2,1,46,3,4,1)
2540: (46,2,2,46,3,4,1)
2541: (50,2,2,46,3,4,1)
2542: (53,2,1,47,3,3,0)
2543: (52,2,1,46,4,4,0)
2544: (52,2,0,45,5,5,0)
2545: (53,2,0,49,1,1,0)
2546: (53,2,1,49,1,1,0)
2547: (53,2,0,48,2,2,0)
2548: (53,2,1,48,2,2,0)
2549: (52,2,4,48,1,2,1)
2550: (51,2,5,48,1,2,1)
2551: (50,2,6,48,1,2,1)
2552: (51,2,4,47,2,3,1)
2553: (50,2,5,47,2,3,1)
2554: (46,2,17,46,4,4,0)
2555: (32,2,21,46,4,4,0)
2556: (32,2,22,46,4,4,0)
2557: (36,2,28,45,5,5,0)
2558: (35,2,29,45,5,5,0)
2559: (40,2,25,46,4,4,0)
2560: (52,2,1,45,5,5,0)
2561: (52,2,2,45,5,5,0)
2562: (52,2,0,49,0,1,1)
2563: (48,2,0,49,0,1,1)
2564: (52,2,1,49,0,1,1)
2565: (51,2,2,49,0,1,1)
2566: (51,2,3,49,0,1,1)
2567: (50,2,4,49,0,1,1)
2568: (50,2,5,49,0,1,1)
2569: (50,2,6,49,0,1,1)
2570: (49,2,7,49,0,1,1)
2571: (50,2,7,48,1,2,1)
2572: (46,2,8,48,1,2,1)
2573: (49,2,8,48,1,2,1)
2574: (50,2,0,45,4,5,1)
2575: (46,2,0,45,4,5,1)
2576: (49,2,1,45,4,5,1)
2577: (45,2,1,45,4,5,1)
2578: (43,2,14,48,1,2,1)
2579: (39,2,14,48,1,2,1)
2580: (42,2,15,48,1,2,1)
2581: (38,2,15,48,1,2,1)
2582: (38,2,16,48,1,2,1)
2583: (42,2,16,48,1,2,1)
2584: (38,2,17,48,1,2,1)
2585: (41,2,17,48,1,2,1)
2586: (42,2,15,47,2,3,1)
2587: (38,2,15,47,2,3,1)
2588: (38,2,16,47,2,3,1)
2589: (41,2,16,47,2,3,1)
2590: (42,2,14,46,3,4,1)
2591: (38,2,14,46,3,4,1)
2592: (38,2,15,46,3,4,1)
2593: (42,2,15,46,3,4,1)
2594: (38,2,16,46,3,4,1)
2595: (42,2,16,46,3,4,1)
2596: (38,2,17,46,3,4,1)
2597: (41,2,17,46,3,4,1)
2598: (38,2,15,45,4,5,1)
2599: (38,2,16,45,4,5,1)
2600: (42,2,16,45,4,5,1)
2601: (38,2,17,45,4,5,1)
2602: (41,2,17,45,4,5,1)
2603: (46,2,17,47,3,3,0)
2604: (46,2,18,46,4,4,0)
2605: (45,2,19,46,4,4,0)
2606: (45,2,20,46,4,4,0)
2607: (45,2,21,46,4,4,0)
2608: (42,2,24,46,4,4,0)
2609: (46,2,2,44,5,6,1)
2610: (46,2,4,44,5,6,1)
2611: (48,2,2,44,5,6,1)
2612: (51,2,3,48,1,2,1)
2613: (50,2,3,47,2,3,1)
2614: (41,2,7,44,5,6,1)
2615: (39,2,9,44,5,6,1)
2616: (34,2,15,46,3,4,1)
2617: (34,2,15,45,4,5,1)
2618: (31,2,18,44,5,6,1)
2619: (33,2,16,44,5,6,1)
2620: (42,2,13,48,1,2,1)
2621: (41,2,14,47,2,3,1)
2622: (41,2,13,46,3,4,1)
2623: (39,2,16,44,5,6,1)
2624: (41,2,14,44,5,6,1)
2625: (42,2,10,45,3,5,2)
2626: (38,2,15,44,4,6,2)
2627: (40,2,13,44,4,6,2)
2628: (32,2,15,44,6,6,0)
2629: (34,2,13,44,6,6,0)
2630: (50,2,4,46,3,4,1)
2631: (50,2,3,45,4,5,1)
2632: (48,2,5,44,5,6,1)
2633: (50,2,3,44,5,6,1)
2634: (39,2,4,44,6,6,0)
2635: (41,2,2,44,6,6,0)
2636: (48,2,8,44,6,6,0)
2637: (43,2,13,45,3,5,2)
2638: (41,2,14,44,4,6,2)
2639: (43,2,12,44,4,6,2)
2640: (37,2,10,44,6,6,0)
2641: (33,2,28,44,6,6,0)
2642: (35,2,26,44,6,6,0)
2643: (45,2,4,44,5,6,1)
2644: (50,2,0,48,1,2,1)
2645: (50,2,0,47,2,3,1)
2646: (49,2,0,46,3,4,1)
2647: (47,2,2,44,5,6,1)
2648: (29,2,28,44,6,6,0)
2649: (31,2,26,44,6,6,0)
2650: (43,2,19,47,2,3,1)
2651: (43,2,18,46,3,4,1)
2652: (43,2,18,45,4,5,1)
2653: (41,2,19,44,5,6,1)
2654: (43,2,17,44,5,6,1)
2655: (38,2,23,44,6,6,0)
2656: (49,2,0,47,2,3,1)
2657: (43,2,3,44,5,6,1)
2658: (45,2,1,44,5,6,1)
2659: (51,2,0,44,6,6,0)
2660: (33,2,23,44,6,6,0)
2661: (41,2,22,44,6,6,0)
2662: (37,2,23,44,6,6,0)
2663: (38,2,25,44,6,6,0)
2664: (49,2,9,44,6,6,0)
2665: (50,2,2,44,6,6,0)
2666: (32,2,20,44,6,6,0)
2667: (43,2,19,44,6,6,0)
2668: (42,2,18,44,6,6,0)
2669: (30,2,29,44,6,6,0)
2670: (33,2,24,44,6,6,0)
2671: (39,2,20,50,0,0,0)
2672: (40,2,20,50,0,0,0)
2673: (44,2,16,50,0,0,0)
2674: (35,2,17,47,3,3,0)
2675: (42,2,10,49,0,1,1)
2676: (43,2,10,49,0,1,1)
2677: (41,2,10,48,1,2,1)
2678: (42,2,10,48,1,2,1)
2679: (41,2,9,47,2,3,1)
2680: (42,2,9,47,2,3,1)
2681: (41,2,10,46,3,4,1)
2682: (42,2,10,46,3,4,1)
2683: (39,2,13,45,4,5,1)
2684: (43,2,10,45,3,5,2)
2685: (41,2,10,45,3,5,2)
2686: (37,2,17,45,3,5,2)
2687: (38,2,17,45,3,5,2)
2688: (39,2,13,50,0,0,0)
2689: (41,2,22,49,1,1,0)
2690: (42,2,22,49,1,1,0)
2691: (45,2,18,48,2,2,0)
2692: (40,2,23,48,2,2,0)
2693: (41,2,23,48,2,2,0)
2694: (44,2,19,47,2,3,1)
2695: (42,2,19,47,2,3,1)
2696: (40,2,22,47,2,3,1)
2697: (41,2,22,47,2,3,1)
2698: (44,2,18,46,3,4,1)
2699: (42,2,18,46,3,4,1)
2700: (40,2,22,46,3,4,1)
2701: (41,2,22,46,3,4,1)
2702: (44,2,18,45,4,5,1)
2703: (42,2,18,45,4,5,1)
2704: (40,2,21,45,4,5,1)
2705: (41,2,21,45,4,5,1)
2706: (41,2,24,47,3,3,0)
2707: (38,2,27,45,5,5,0)
2708: (38,2,14,49,1,1,0)
2709: (36,2,23,48,2,2,0)
2710: (37,2,23,48,2,2,0)
2711: (45,2,2,46,3,4,1)
2712: (44,2,2,45,4,5,1)
2713: (31,2,17,45,5,5,0)
2714: (32,2,17,45,5,5,0)
2715: (40,2,9,46,3,4,1)
2716: (38,2,11,45,4,5,1)
2717: (49,2,4,46,3,4,1)
2718: (49,2,3,45,4,5,1)
2719: (31,2,22,45,5,5,0)
2720: (28,2,30,45,5,5,0)
2721: (40,2,4,46,4,4,0)
2722: (40,2,3,45,5,5,0)
2723: (29,2,31,45,5,5,0)
2724: (30,2,31,45,5,5,0)
2725: (45,2,8,45,4,5,1)
2726: (44,2,13,45,3,5,2)
2727: (41,2,16,45,3,5,2)
2728: (38,2,18,50,0,0,0)
2729: (31,2,18,47,3,3,0)
2730: (32,2,18,47,3,3,0)
2731: (33,2,14,46,4,4,0)
2732: (31,2,18,46,4,4,0)
2733: (32,2,18,46,4,4,0)
2734: (35,2,15,46,3,4,1)
2735: (33,2,15,46,3,4,1)
2736: (31,2,19,46,3,4,1)
2737: (32,2,19,46,3,4,1)
2738: (35,2,15,45,4,5,1)
2739: (33,2,15,45,4,5,1)
2740: (30,2,20,45,4,5,1)
2741: (31,2,20,45,4,5,1)
2742: (51,2,4,46,3,4,1)
2743: (47,2,7,46,3,4,1)
2744: (48,2,7,46,3,4,1)
2745: (51,2,3,45,4,5,1)
2746: (47,2,7,45,4,5,1)
2747: (48,2,7,45,4,5,1)
2748: (32,2,27,47,3,3,0)
2749: (33,2,27,47,3,3,0)
2750: (31,2,29,46,4,4,0)
2751: (32,2,29,46,4,4,0)
2752: (48,2,0,47,2,3,1)
2753: (37,2,21,49,1,1,0)
2754: (38,2,21,49,1,1,0)
2755: (44,2,20,45,5,5,0)
2756: (35,2,28,47,3,3,0)
2757: (36,2,28,47,3,3,0)
2758: (35,2,28,46,4,4,0)
2759: (51,2,6,45,5,5,0)
2760: (44,2,11,48,1,2,1)
2761: (45,2,11,48,1,2,1)
2762: (45,2,8,47,2,3,1)
2763: (51,2,0,48,1,2,1)
2764: (49,2,0,48,1,2,1)
2765: (51,2,0,47,2,3,1)
2766: (50,2,0,46,3,4,1)
2767: (48,2,0,46,3,4,1)
2768: (53,2,0,47,3,3,0)
2769: (52,2,3,48,1,2,1)
2770: (51,2,3,47,2,3,1)
2771: (33,2,30,45,5,5,0)
2772: (47,2,8,49,0,1,1)
2773: (43,2,13,48,1,2,1)
2774: (41,2,13,48,1,2,1)
2775: (38,2,18,48,1,2,1)
2776: (39,2,18,48,1,2,1)
2777: (42,2,14,47,2,3,1)
2778: (40,2,14,47,2,3,1)
2779: (38,2,17,47,2,3,1)
2780: (39,2,17,47,2,3,1)
2781: (42,2,13,46,3,4,1)
2782: (40,2,13,46,3,4,1)
2783: (38,2,18,46,3,4,1)
2784: (39,2,18,46,3,4,1)
2785: (38,2,18,45,4,5,1)
2786: (39,2,18,45,4,5,1)
2787: (49,2,0,44,5,6,1)
2788: (47,2,4,44,5,6,1)
2789: (49,2,2,44,5,6,1)
2790: (42,2,7,44,5,6,1)
2791: (40,2,7,44,5,6,1)
2792: (42,2,5,44,5,6,1)
2793: (40,2,9,44,5,6,1)
2794: (38,2,9,44,5,6,1)
2795: (32,2,18,44,5,6,1)
2796: (34,2,16,44,5,6,1)
2797: (30,2,18,44,5,6,1)
2798: (32,2,16,44,5,6,1)
2799: (40,2,16,44,5,6,1)
2800: (42,2,14,44,5,6,1)
2801: (38,2,16,44,5,6,1)
2802: (40,2,14,44,5,6,1)
2803: (39,2,15,44,4,6,2)
2804: (37,2,15,44,4,6,2)
2805: (39,2,13,44,4,6,2)
2806: (33,2,15,44,6,6,0)
2807: (31,2,15,44,6,6,0)
2808: (33,2,13,44,6,6,0)
2809: (49,2,5,44,5,6,1)
2810: (51,2,3,44,5,6,1)
2811: (47,2,5,44,5,6,1)
2812: (49,2,3,44,5,6,1)
2813: (38,2,7,44,6,6,0)
2814: (40,2,4,44,6,6,0)
2815: (38,2,4,44,6,6,0)
2816: (40,2,2,44,6,6,0)
2817: (49,2,8,44,6,6,0)
2818: (42,2,14,44,4,6,2)
2819: (44,2,12,44,4,6,2)
2820: (42,2,12,44,4,6,2)
2821: (36,2,10,44,6,6,0)
2822: (34,2,28,44,6,6,0)
2823: (36,2,26,44,6,6,0)
2824: (44,2,6,44,5,6,1)
2825: (44,2,4,44,5,6,1)
2826: (28,2,28,44,6,6,0)
2827: (30,2,26,44,6,6,0)
2828: (34,2,15,44,6,6,0)
2829: (50,2,6,44,6,6,0)
2830: (42,2,19,44,5,6,1)
2831: (44,2,17,44,5,6,1)
2832: (40,2,19,44,5,6,1)
2833: (42,2,17,44,5,6,1)
2834: (44,2,3,44,5,6,1)
2835: (42,2,3,44,5,6,1)
2836: (44,2,1,44,5,6,1)
2837: (52,2,0,44,6,6,0)
2838: (33,2,17,44,6,6,0)
2839: (32,2,23,44,6,6,0)
2840: (32,2,22,44,6,6,0)
2841: (42,2,22,44,6,6,0)
2842: (51,2,3,44,6,6,0)
2843: (50,2,5,44,6,6,0)
2844: (39,2,25,44,6,6,0)
2845: (48,2,12,44,6,6,0)
2846: (48,2,11,44,6,6,0)
2847: (50,2,9,44,6,6,0)
2848: (51,2,2,44,6,6,0)
2849: (42,2,19,44,6,6,0)
2850: (32,2,21,44,6,6,0)
2851: (31,2,20,44,6,6,0)
2852: (45,2,15,44,6,6,0)
2853: (42,2,21,44,6,6,0)
2854: (44,2,19,44,6,6,0)
2855: (43,2,18,44,6,6,0)
2856: (45,2,16,44,6,6,0)
2857: (31,2,29,44,6,6,0)
2858: (29,2,29,44,6,6,0)
2859: (32,2,24,44,6,6,0)
2860: (38,2,6,44,6,6,0)
2861: (37,2,11,49,1,1,0)
2862: (37,2,12,49,1,1,0)
2863: (37,2,10,48,2,2,0)
2864: (37,2,9,47,3,3,0)
2865: (37,2,8,46,4,4,0)
2866: (37,2,7,45,5,5,0)
2867: (38,2,19,50,0,0,0)
2868: (44,2,17,50,0,0,0)
2869: (38,2,20,50,0,0,0)
2870: (41,2,20,50,0,0,0)
2871: (35,2,18,47,3,3,0)
2872: (35,2,19,47,3,3,0)
2873: (45,2,16,50,0,0,0)
2874: (34,2,13,46,4,4,0)
2875: (41,2,8,49,0,1,1)
2876: (43,2,6,49,0,1,1)
2877: (41,2,9,49,0,1,1)
2878: (41,2,10,49,0,1,1)
2879: (44,2,10,49,0,1,1)
2880: (40,2,9,48,1,2,1)
2881: (40,2,10,48,1,2,1)
2882: (43,2,10,48,1,2,1)
2883: (40,2,8,47,2,3,1)
2884: (40,2,9,47,2,3,1)
2885: (43,2,9,47,2,3,1)
2886: (40,2,10,46,3,4,1)
2887: (43,2,10,46,3,4,1)
2888: (38,2,12,45,4,5,1)
2889: (38,2,13,45,4,5,1)
2890: (44,2,10,45,3,5,2)
2891: (40,2,10,45,3,5,2)
2892: (37,2,13,45,3,5,2)
2893: (37,2,14,45,3,5,2)
2894: (43,2,12,45,3,5,2)
2895: (36,2,16,45,3,5,2)
2896: (36,2,17,45,3,5,2)
2897: (39,2,17,45,3,5,2)
2898: (38,2,12,50,0,0,0)
2899: (38,2,13,50,0,0,0)
2900: (47,2,16,49,1,1,0)
2901: (46,2,18,49,1,1,0)
2902: (40,2,21,49,1,1,0)
2903: (46,2,19,49,1,1,0)
2904: (40,2,22,49,1,1,0)
2905: (43,2,22,49,1,1,0)
2906: (46,2,18,48,2,2,0)
2907: (45,2,20,48,2,2,0)
2908: (39,2,23,48,2,2,0)
2909: (42,2,23,48,2,2,0)
2910: (45,2,19,47,3,3,0)
2911: (45,2,19,47,2,3,1)
2912: (39,2,21,47,2,3,1)
2913: (41,2,19,47,2,3,1)
2914: (39,2,22,47,2,3,1)
2915: (42,2,22,47,2,3,1)
2916: (45,2,18,46,3,4,1)
2917: (39,2,20,46,3,4,1)
2918: (41,2,18,46,3,4,1)
2919: (39,2,21,46,3,4,1)
2920: (45,2,19,46,3,4,1)
2921: (39,2,22,46,3,4,1)
2922: (42,2,22,46,3,4,1)
2923: (45,2,18,45,4,5,1)
2924: (39,2,20,45,4,5,1)
2925: (41,2,18,45,4,5,1)
2926: (39,2,21,45,4,5,1)
2927: (42,2,21,45,4,5,1)
2928: (50,2,11,47,3,3,0)
2929: (52,2,6,47,3,3,0)
2930: (52,2,4,45,5,5,0)
2931: (45,2,20,47,3,3,0)
2932: (45,2,21,47,3,3,0)
2933: (42,2,24,47,3,3,0)
2934: (44,2,22,45,5,5,0)
2935: (39,2,27,45,5,5,0)
2936: (52,2,6,48,2,2,0)
2937: (37,2,13,49,1,1,0)
2938: (37,2,14,49,1,1,0)
2939: (36,2,14,48,2,2,0)
2940: (36,2,15,48,2,2,0)
2941: (36,2,16,48,2,2,0)
2942: (35,2,18,48,2,2,0)
2943: (35,2,19,48,2,2,0)
2944: (35,2,20,48,2,2,0)
2945: (35,2,21,48,2,2,0)
2946: (35,2,22,48,2,2,0)
2947: (35,2,23,48,2,2,0)
2948: (38,2,23,48,2,2,0)
2949: (30,2,27,46,4,4,0)
2950: (30,2,28,46,4,4,0)
2951: (36,2,12,48,2,2,0)
2952: (36,2,13,48,2,2,0)
2953: (35,2,11,46,4,4,0)
2954: (44,2,2,46,3,4,1)
2955: (41,2,5,46,3,4,1)
2956: (43,2,2,45,4,5,1)
2957: (40,2,5,45,4,5,1)
2958: (39,2,7,45,4,5,1)
2959: (36,2,9,45,5,5,0)
2960: (30,2,16,45,5,5,0)
2961: (30,2,17,45,5,5,0)
2962: (47,2,0,49,0,1,1)
2963: (43,2,5,49,0,1,1)
2964: (45,2,2,48,1,2,1)
2965: (42,2,5,48,1,2,1)
2966: (42,2,6,48,1,2,1)
2967: (39,2,8,46,3,4,1)
2968: (39,2,9,46,3,4,1)
2969: (37,2,10,45,4,5,1)
2970: (37,2,11,45,4,5,1)
2971: (38,2,9,49,1,1,0)
2972: (31,2,19,45,5,5,0)
2973: (30,2,21,45,5,5,0)
2974: (30,2,22,45,5,5,0)
2975: (28,2,26,45,5,5,0)
2976: (27,2,28,45,5,5,0)
2977: (27,2,29,45,5,5,0)
2978: (27,2,30,45,5,5,0)
2979: (42,2,3,48,2,2,0)
2980: (42,2,2,47,3,3,0)
2981: (44,2,0,47,3,3,0)
2982: (43,2,3,49,0,1,1)
2983: (45,2,1,49,0,1,1)
2984: (43,2,4,49,0,1,1)
2985: (43,2,3,50,0,0,0)
2986: (45,2,1,50,0,0,0)
2987: (40,2,7,50,0,0,0)
2988: (40,2,8,50,0,0,0)
2989: (40,2,6,49,1,1,0)
2990: (42,2,4,49,1,1,0)
2991: (39,2,6,48,2,2,0)
2992: (39,2,7,48,2,2,0)
2993: (41,2,3,47,3,3,0)
2994: (37,2,7,47,3,3,0)
2995: (37,2,8,47,3,3,0)
2996: (37,2,6,46,4,4,0)
2997: (39,2,4,46,4,4,0)
2998: (37,2,7,46,4,4,0)
2999: (37,2,5,45,5,5,0)
3000: (39,2,3,45,5,5,0)
3001: (37,2,6,45,5,5,0)
3002: (31,2,24,46,4,4,0)
3003: (30,2,26,46,4,4,0)
3004: (28,2,31,45,5,5,0)
3005: (31,2,31,45,5,5,0)
3006: (39,2,10,50,0,0,0)
3007: (54,2,0,50,0,0,0)
3008: (46,2,8,45,4,5,1)
3009: (46,2,9,45,4,5,1)
3010: (46,2,10,45,4,5,1)
3011: (46,2,11,45,4,5,1)
3012: (39,2,14,45,4,5,1)
3013: (45,2,13,45,4,5,1)
3014: (45,2,13,45,3,5,2)
3015: (42,2,16,45,3,5,2)
3016: (38,2,15,50,0,0,0)
3017: (37,2,17,50,0,0,0)
3018: (37,2,18,50,0,0,0)
3019: (37,2,16,49,1,1,0)
3020: (37,2,17,49,1,1,0)
3021: (49,2,13,46,4,4,0)
3022: (31,2,20,46,4,4,0)
3023: (31,2,21,46,4,4,0)
3024: (52,2,7,47,3,3,0)
3025: (51,2,9,47,3,3,0)
3026: (50,2,12,47,3,3,0)
3027: (50,2,11,46,4,4,0)
3028: (49,2,13,45,5,5,0)
3029: (30,2,17,47,3,3,0)
3030: (30,2,18,47,3,3,0)
3031: (33,2,18,47,3,3,0)
3032: (30,2,16,46,4,4,0)
3033: (32,2,14,46,4,4,0)
3034: (30,2,17,46,4,4,0)
3035: (30,2,18,46,4,4,0)
3036: (36,2,15,46,3,4,1)
3037: (30,2,17,46,3,4,1)
3038: (32,2,15,46,3,4,1)
3039: (30,2,18,46,3,4,1)
3040: (36,2,16,46,3,4,1)
3041: (30,2,19,46,3,4,1)
3042: (33,2,19,46,3,4,1)
3043: (36,2,15,45,4,5,1)
3044: (32,2,15,45,4,5,1)
3045: (29,2,18,45,4,5,1)
3046: (29,2,19,45,4,5,1)
3047: (35,2,17,45,4,5,1)
3048: (29,2,20,45,4,5,1)
3049: (32,2,20,45,4,5,1)
3050: (50,2,10,46,4,4,0)
3051: (46,2,17,45,5,5,0)
3052: (53,2,4,50,0,0,0)
3053: (52,2,6,49,1,1,0)
3054: (52,2,4,46,3,4,1)
3055: (49,2,7,46,3,4,1)
3056: (52,2,3,45,4,5,1)
3057: (52,2,4,45,4,5,1)
3058: (46,2,7,45,4,5,1)
3059: (49,2,7,45,4,5,1)
3060: (32,2,24,47,3,3,0)
3061: (31,2,26,47,3,3,0)
3062: (31,2,27,47,3,3,0)
3063: (34,2,27,47,3,3,0)
3064: (30,2,29,46,4,4,0)
3065: (33,2,29,46,4,4,0)
3066: (47,2,0,47,2,3,1)
3067: (41,2,6,47,2,3,1)
3068: (54,2,1,50,0,0,0)
3069: (53,2,3,50,0,0,0)
3070: (53,2,2,49,1,1,0)
3071: (53,2,3,49,1,1,0)
3072: (53,2,4,49,1,1,0)
3073: (53,2,2,47,3,3,0)
3074: (53,2,3,47,3,3,0)
3075: (53,2,4,47,3,3,0)
3076: (53,2,3,46,4,4,0)
3077: (50,2,1,45,4,5,1)
3078: (53,2,2,48,2,2,0)
3079: (53,2,1,46,4,4,0)
3080: (53,2,2,46,4,4,0)
3081: (36,2,19,49,1,1,0)
3082: (36,2,20,49,1,1,0)
3083: (36,2,21,49,1,1,0)
3084: (39,2,21,49,1,1,0)
3085: (52,2,7,49,1,1,0)
3086: (52,2,8,49,1,1,0)
3087: (51,2,10,49,1,1,0)
3088: (50,2,12,49,1,1,0)
3089: (50,2,11,48,2,2,0)
3090: (50,2,12,48,2,2,0)
3091: (49,2,14,48,2,2,0)
3092: (45,2,20,45,5,5,0)
3093: (51,2,9,48,2,2,0)
3094: (40,2,25,47,3,3,0)
3095: (34,2,28,47,3,3,0)
3096: (37,2,28,47,3,3,0)
3097: (36,2,28,46,4,4,0)
3098: (53,2,4,46,4,4,0)
3099: (53,2,5,46,4,4,0)
3100: (53,2,6,46,4,4,0)
3101: (52,2,6,45,5,5,0)
3102: (52,2,7,50,0,0,0)
3103: (52,2,8,50,0,0,0)
3104: (51,2,10,50,0,0,0)
3105: (52,2,7,48,2,2,0)
3106: (53,2,5,50,0,0,0)
3107: (53,2,3,48,2,2,0)
3108: (53,2,4,48,2,2,0)
3109: (52,2,3,45,5,5,0)
3110: (43,2,11,48,1,2,1)
3111: (46,2,11,48,1,2,1)
3112: (33,2,22,47,3,3,0)
3113: (51,2,8,45,5,5,0)
3114: (51,2,9,45,5,5,0)
3115: (51,2,10,45,5,5,0)
3116: (51,2,11,50,0,0,0)
3117: (48,2,14,50,0,0,0)
3118: (46,2,8,47,2,3,1)
3119: (52,2,0,48,1,2,1)
3120: (48,2,0,48,1,2,1)
3121: (52,2,1,48,1,2,1)
3122: (52,2,0,47,2,3,1)
3123: (51,2,0,46,3,4,1)
3124: (47,2,0,46,3,4,1)
3125: (51,2,1,46,3,4,1)
3126: (54,2,0,47,3,3,0)
3127: (53,2,0,46,4,4,0)
3128: (54,2,0,49,1,1,0)
3129: (54,2,0,48,2,2,0)
3130: (53,2,3,48,1,2,1)
3131: (52,2,3,47,2,3,1)
3132: (49,2,6,47,2,3,1)
3133: (47,2,16,46,4,4,0)
3134: (31,2,22,46,4,4,0)
3135: (31,2,23,46,4,4,0)
3136: (34,2,30,45,5,5,0)
3137: (39,2,26,46,4,4,0)
3138: (53,2,0,45,5,5,0)
3139: (53,2,1,45,5,5,0)
3140: (53,2,0,49,0,1,1)
3141: (52,2,2,49,0,1,1)
3142: (51,2,4,49,0,1,1)
3143: (51,2,5,49,0,1,1)
3144: (48,2,8,49,0,1,1)
3145: (51,2,6,48,1,2,1)
3146: (44,2,13,48,1,2,1)
3147: (40,2,13,48,1,2,1)
3148: (37,2,16,48,1,2,1)
3149: (37,2,17,48,1,2,1)
3150: (43,2,15,48,1,2,1)
3151: (37,2,18,48,1,2,1)
3152: (40,2,18,48,1,2,1)
3153: (43,2,14,47,2,3,1)
3154: (37,2,16,47,2,3,1)
3155: (39,2,14,47,2,3,1)
3156: (37,2,17,47,2,3,1)
3157: (40,2,17,47,2,3,1)
3158: (43,2,13,46,3,4,1)
3159: (37,2,15,46,3,4,1)
3160: (39,2,13,46,3,4,1)
3161: (37,2,16,46,3,4,1)
3162: (43,2,14,46,3,4,1)
3163: (37,2,17,46,3,4,1)
3164: (43,2,15,46,3,4,1)
3165: (37,2,18,46,3,4,1)
3166: (40,2,18,46,3,4,1)
3167: (37,2,16,45,4,5,1)
3168: (37,2,17,45,4,5,1)
3169: (37,2,18,45,4,5,1)
3170: (40,2,18,45,4,5,1)
3171: (47,2,16,47,3,3,0)
3172: (47,2,17,46,4,4,0)
3173: (46,2,19,46,4,4,0)
3174: (46,2,20,46,4,4,0)
3175: (41,2,25,46,4,4,0)
(R L RL G GA GBG GD)
